  [1m[36m (1.7ms)[0m  [1mCREATE TABLE "schema_migrations" ("version" varchar NOT NULL) [0m
  [1m[35m (0.1ms)[0m  select sqlite_version(*)
  [1m[36m (1.6ms)[0m  [1mCREATE UNIQUE INDEX "unique_schema_migrations" ON "schema_migrations" ("version")[0m
  [1m[35mActiveRecord::SchemaMigration Load (0.1ms)[0m  SELECT "schema_migrations".* FROM "schema_migrations"


Started GET "/" for ::1 at 2015-11-17 17:47:54 -0600
Processing by Rails::WelcomeController#index as HTML
  Rendered /Users/admin/.rvm/gems/ruby-2.1.2/gems/railties-4.2.3/lib/rails/templates/rails/welcome/index.html.erb (2.8ms)
Completed 200 OK in 27ms (Views: 19.4ms | ActiveRecord: 0.0ms)
  [1m[36mActiveRecord::SchemaMigration Load (0.1ms)[0m  [1mSELECT "schema_migrations".* FROM "schema_migrations"[0m
Migrating to CreateStudents (1)
  [1m[35m (0.1ms)[0m  begin transaction
  [1m[36m (0.4ms)[0m  [1mCREATE TABLE "students" ("id" INTEGER PRIMARY KEY AUTOINCREMENT NOT NULL, "first_name" varchar, "last_name" varchar, "created_at" datetime NOT NULL, "updated_at" datetime NOT NULL) [0m
  [1m[35mSQL (0.3ms)[0m  INSERT INTO "schema_migrations" ("version") VALUES (?)  [["version", "1"]]
  [1m[36m (1.4ms)[0m  [1mcommit transaction[0m
  [1m[35mActiveRecord::SchemaMigration Load (0.1ms)[0m  SELECT "schema_migrations".* FROM "schema_migrations"
  [1m[36m (0.1ms)[0m  [1mbegin transaction[0m
  [1m[35mSQL (0.3ms)[0m  INSERT INTO "students" ("first_name", "last_name", "created_at", "updated_at") VALUES (?, ?, ?, ?)  [["first_name", "Jordan"], ["last_name", "Hudgens"], ["created_at", "2015-11-18 00:10:55.545365"], ["updated_at", "2015-11-18 00:10:55.545365"]]
  [1m[36m (2.9ms)[0m  [1mcommit transaction[0m
  [1m[35mStudent Load (0.2ms)[0m  SELECT  "students".* FROM "students"  ORDER BY "students"."id" DESC LIMIT 1
  [1m[36m (0.1ms)[0m  [1mbegin transaction[0m
  [1m[35mSQL (0.3ms)[0m  INSERT INTO "students" ("created_at", "updated_at") VALUES (?, ?)  [["created_at", "2015-11-18 00:17:49.095449"], ["updated_at", "2015-11-18 00:17:49.095449"]]
  [1m[36m (1.2ms)[0m  [1mcommit transaction[0m
  [1m[35mStudent Load (0.2ms)[0m  SELECT  "students".* FROM "students"  ORDER BY "students"."id" DESC LIMIT 1
  [1m[36mActiveRecord::SchemaMigration Load (0.1ms)[0m  [1mSELECT "schema_migrations".* FROM "schema_migrations"[0m
  [1m[35mActiveRecord::SchemaMigration Load (0.1ms)[0m  SELECT "schema_migrations".* FROM "schema_migrations"


Started GET "/" for ::1 at 2015-11-18 13:36:42 -0600
  [1m[36mActiveRecord::SchemaMigration Load (0.1ms)[0m  [1mSELECT "schema_migrations".* FROM "schema_migrations"[0m
Processing by Rails::WelcomeController#index as HTML
  Rendered /Users/admin/.rvm/gems/ruby-2.1.2/gems/railties-4.2.3/lib/rails/templates/rails/welcome/index.html.erb (2.4ms)
Completed 200 OK in 39ms (Views: 24.5ms | ActiveRecord: 0.0ms)


Started GET "/" for ::1 at 2015-11-18 13:37:10 -0600
Processing by Rails::WelcomeController#index as HTML
  Rendered /Users/admin/.rvm/gems/ruby-2.1.2/gems/railties-4.2.3/lib/rails/templates/rails/welcome/index.html.erb (0.0ms)
Completed 200 OK in 1ms (Views: 0.7ms | ActiveRecord: 0.0ms)
  [1m[36mActiveRecord::SchemaMigration Load (0.5ms)[0m  [1mSELECT "schema_migrations".* FROM "schema_migrations"[0m
  [1m[35mActiveRecord::SchemaMigration Load (0.1ms)[0m  SELECT "schema_migrations".* FROM "schema_migrations"
  [1m[36mStudent Load (0.4ms)[0m  [1mSELECT  "students".* FROM "students"  ORDER BY "students"."id" DESC LIMIT 1[0m
  [1m[35mStudent Load (0.2ms)[0m  SELECT  "students".* FROM "students"  ORDER BY "students"."id" DESC LIMIT 1
  [1m[36m (0.1ms)[0m  [1mbegin transaction[0m
  [1m[35mSQL (0.6ms)[0m  DELETE FROM "students" WHERE "students"."id" = ?  [["id", 2]]
  [1m[36m (1.6ms)[0m  [1mcommit transaction[0m
  [1m[35mStudent Load (0.2ms)[0m  SELECT "students".* FROM "students"
  [1m[35m (1.8ms)[0m  [1m[35mCREATE TABLE "ar_internal_metadata" ("key" varchar NOT NULL PRIMARY KEY, "value" varchar, "created_at" datetime NOT NULL, "updated_at" datetime NOT NULL)[0m
  [1m[36mActiveRecord::SchemaMigration Load (0.5ms)[0m  [1m[34mSELECT "schema_migrations".* FROM "schema_migrations"[0m
Migrating to CreateSchoolClasses (20200418220912)
  [1m[35m (0.1ms)[0m  [1m[36mbegin transaction[0m
  [1m[35m (0.5ms)[0m  [1m[35mCREATE TABLE "school_classes" ("id" INTEGER PRIMARY KEY AUTOINCREMENT NOT NULL, "title" varchar, "room_number" integer, "created_at" datetime NOT NULL, "updated_at" datetime NOT NULL)[0m
  [1m[35mSQL (0.4ms)[0m  [1m[32mINSERT INTO "schema_migrations" ("version") VALUES (?)[0m  [["version", "20200418220912"]]
  [1m[35m (1.3ms)[0m  [1m[36mcommit transaction[0m
  [1m[36mActiveRecord::InternalMetadata Load (0.1ms)[0m  [1m[34mSELECT  "ar_internal_metadata".* FROM "ar_internal_metadata" WHERE "ar_internal_metadata"."key" = ? LIMIT ?[0m  [["key", "environment"], ["LIMIT", 1]]
  [1m[35m (0.1ms)[0m  [1m[36mbegin transaction[0m
  [1m[35mSQL (1.7ms)[0m  [1m[32mINSERT INTO "ar_internal_metadata" ("key", "value", "created_at", "updated_at") VALUES (?, ?, ?, ?)[0m  [["key", "environment"], ["value", "development"], ["created_at", "2020-04-18 22:09:46.104175"], ["updated_at", "2020-04-18 22:09:46.104175"]]
  [1m[35m (1.4ms)[0m  [1m[36mcommit transaction[0m
  [1m[36mActiveRecord::SchemaMigration Load (0.1ms)[0m  [1m[34mSELECT "schema_migrations".* FROM "schema_migrations"[0m
Started GET "/" for ::1 at 2020-04-18 15:25:17 -0700
  [1m[36mActiveRecord::SchemaMigration Load (0.5ms)[0m  [1m[34mSELECT "schema_migrations".* FROM "schema_migrations"[0m
Processing by Rails::WelcomeController#index as HTML
  Parameters: {"internal"=>true}
  Rendering /Users/leighadelarosa/.rvm/gems/ruby-2.6.5/gems/railties-5.0.7.1/lib/rails/templates/rails/welcome/index.html.erb
  Rendered /Users/leighadelarosa/.rvm/gems/ruby-2.6.5/gems/railties-5.0.7.1/lib/rails/templates/rails/welcome/index.html.erb (4.7ms)
Completed 200 OK in 26ms (Views: 13.8ms | ActiveRecord: 0.0ms)


Started GET "/students/new" for ::1 at 2020-04-18 15:25:27 -0700
Processing by StudentsController#new as HTML
  Rendering students/new.html.erb within layouts/application
  Rendered students/new.html.erb within layouts/application (0.9ms)
Completed 200 OK in 1286ms (Views: 1272.3ms | ActiveRecord: 0.9ms)


Started GET "/students/edit" for ::1 at 2020-04-18 15:25:33 -0700
Processing by StudentsController#show as HTML
  Parameters: {"id"=>"edit"}
  [1m[36mStudent Load (0.5ms)[0m  [1m[34mSELECT  "students".* FROM "students" WHERE "students"."id" = ? LIMIT ?[0m  [["id", 0], ["LIMIT", 1]]
  Rendering students/show.html.erb within layouts/application
  Rendered students/show.html.erb within layouts/application (0.8ms)
Completed 200 OK in 32ms (Views: 24.0ms | ActiveRecord: 0.5ms)


Started GET "/students" for ::1 at 2020-04-18 15:26:04 -0700
Processing by StudentsController#index as HTML
  Rendering students/index.html.erb within layouts/application
  Rendered students/index.html.erb within layouts/application (1.1ms)
Completed 200 OK in 55ms (Views: 53.2ms | ActiveRecord: 0.0ms)


Started GET "/students/new" for ::1 at 2020-04-18 15:26:14 -0700
Processing by StudentsController#new as HTML
  Rendering students/new.html.erb within layouts/application
  Rendered students/new.html.erb within layouts/application (0.5ms)
Completed 200 OK in 63ms (Views: 59.1ms | ActiveRecord: 0.0ms)


Started GET "/students/new" for ::1 at 2020-04-18 15:33:21 -0700
  [1m[36mActiveRecord::SchemaMigration Load (0.4ms)[0m  [1m[34mSELECT "schema_migrations".* FROM "schema_migrations"[0m
Processing by StudentsController#new as HTML
  Rendering students/new.html.erb within layouts/application
  Rendered students/new.html.erb within layouts/application (18.7ms)
Completed 200 OK in 400ms (Views: 382.0ms | ActiveRecord: 0.6ms)


Started GET "/students/new" for ::1 at 2020-04-18 15:33:36 -0700
Processing by StudentsController#new as HTML
  Rendering students/new.html.erb within layouts/application
  Rendered students/new.html.erb within layouts/application (1.7ms)
Completed 200 OK in 29ms (Views: 26.1ms | ActiveRecord: 0.0ms)


Started GET "/students/new" for ::1 at 2020-04-18 15:33:58 -0700
Processing by StudentsController#new as HTML
  Rendering students/new.html.erb within layouts/application
  Rendered students/new.html.erb within layouts/application (1.6ms)
Completed 200 OK in 25ms (Views: 22.8ms | ActiveRecord: 0.0ms)


Started POST "/students" for ::1 at 2020-04-18 15:34:09 -0700
Processing by StudentsController#create as HTML
  Parameters: {"utf8"=>"✓", "authenticity_token"=>"kYFOUXFLXgXaAtBtJKR/YbMZ4NcZRJ1b0zM8WV3EQk8qS/caWiCG/+Qlnn/+nElIls+oYV1K4rRtXxso35X5CQ==", "student"=>{"first_name"=>"kiki", "last_name"=>"money"}, "commit"=>"Create New Student"}
  [1m[35m (0.3ms)[0m  [1m[36mbegin transaction[0m
  [1m[35mSQL (6.5ms)[0m  [1m[32mINSERT INTO "students" ("first_name", "last_name", "created_at", "updated_at") VALUES (?, ?, ?, ?)[0m  [["first_name", "kiki"], ["last_name", "money"], ["created_at", "2020-04-18 22:34:09.524642"], ["updated_at", "2020-04-18 22:34:09.524642"]]
  [1m[35m (1.6ms)[0m  [1m[36mcommit transaction[0m
Redirected to http://localhost:3000/students/3
Completed 302 Found in 13ms (ActiveRecord: 8.3ms)


Started GET "/students/3" for ::1 at 2020-04-18 15:34:09 -0700
Processing by StudentsController#show as HTML
  Parameters: {"id"=>"3"}
  [1m[36mStudent Load (0.3ms)[0m  [1m[34mSELECT  "students".* FROM "students" WHERE "students"."id" = ? LIMIT ?[0m  [["id", 3], ["LIMIT", 1]]
  Rendering students/show.html.erb within layouts/application
  Rendered students/show.html.erb within layouts/application (0.7ms)
Completed 200 OK in 44ms (Views: 31.6ms | ActiveRecord: 0.3ms)


Started GET "/students/3" for ::1 at 2020-04-18 15:35:22 -0700
Processing by StudentsController#show as HTML
  Parameters: {"id"=>"3"}
  [1m[36mStudent Load (0.2ms)[0m  [1m[34mSELECT  "students".* FROM "students" WHERE "students"."id" = ? LIMIT ?[0m  [["id", 3], ["LIMIT", 1]]
  Rendering students/show.html.erb within layouts/application
  Rendered students/show.html.erb within layouts/application (0.6ms)
Completed 200 OK in 29ms (Views: 25.3ms | ActiveRecord: 0.2ms)


Started GET "/students/3" for ::1 at 2020-04-18 15:35:41 -0700
Processing by StudentsController#show as HTML
  Parameters: {"id"=>"3"}
  [1m[36mStudent Load (0.1ms)[0m  [1m[34mSELECT  "students".* FROM "students" WHERE "students"."id" = ? LIMIT ?[0m  [["id", 3], ["LIMIT", 1]]
  Rendering students/show.html.erb within layouts/application
  Rendered students/show.html.erb within layouts/application (0.8ms)
Completed 200 OK in 33ms (Views: 30.6ms | ActiveRecord: 0.1ms)


Started GET "/students/3" for ::1 at 2020-04-18 15:35:51 -0700
Processing by StudentsController#show as HTML
  Parameters: {"id"=>"3"}
  [1m[36mStudent Load (0.3ms)[0m  [1m[34mSELECT  "students".* FROM "students" WHERE "students"."id" = ? LIMIT ?[0m  [["id", 3], ["LIMIT", 1]]
  Rendering students/show.html.erb within layouts/application
  Rendered students/show.html.erb within layouts/application (0.6ms)
Completed 200 OK in 25ms (Views: 21.8ms | ActiveRecord: 0.3ms)


Started GET "/students/new" for ::1 at 2020-04-18 15:37:23 -0700
Processing by StudentsController#new as HTML
  Rendering students/new.html.erb within layouts/application
  Rendered students/new.html.erb within layouts/application (44.4ms)
Completed 200 OK in 128ms (Views: 118.7ms | ActiveRecord: 0.0ms)


Started POST "/students" for ::1 at 2020-04-18 15:37:33 -0700
Processing by StudentsController#create as HTML
  Parameters: {"utf8"=>"✓", "authenticity_token"=>"VX76gY66Toh2UU+K3HMrbDAo5jicjX4QaplItwHMVMfutEPKpdGWckh2AZgGSx1FFf6ujtiDAf/U9W/Gg53vgQ==", "student"=>{"first_name"=>"meme", "last_name"=>"bonkers"}, "commit"=>"Create Student"}
  [1m[35m (0.1ms)[0m  [1m[36mbegin transaction[0m
  [1m[35mSQL (0.7ms)[0m  [1m[32mINSERT INTO "students" ("first_name", "last_name", "created_at", "updated_at") VALUES (?, ?, ?, ?)[0m  [["first_name", "meme"], ["last_name", "bonkers"], ["created_at", "2020-04-18 22:37:33.909036"], ["updated_at", "2020-04-18 22:37:33.909036"]]
  [1m[35m (1.5ms)[0m  [1m[36mcommit transaction[0m
Redirected to http://localhost:3000/students/4
Completed 302 Found in 7ms (ActiveRecord: 2.3ms)


Started GET "/students/4" for ::1 at 2020-04-18 15:37:33 -0700
Processing by StudentsController#show as HTML
  Parameters: {"id"=>"4"}
  [1m[36mStudent Load (0.4ms)[0m  [1m[34mSELECT  "students".* FROM "students" WHERE "students"."id" = ? LIMIT ?[0m  [["id", 4], ["LIMIT", 1]]
  Rendering students/show.html.erb within layouts/application
  Rendered students/show.html.erb within layouts/application (0.7ms)
Completed 200 OK in 28ms (Views: 24.9ms | ActiveRecord: 0.4ms)


Started GET "/students/4/edit" for ::1 at 2020-04-18 15:37:42 -0700
Processing by StudentsController#edit as HTML
  Parameters: {"id"=>"4"}
  [1m[36mStudent Load (0.1ms)[0m  [1m[34mSELECT  "students".* FROM "students" WHERE "students"."id" = ? LIMIT ?[0m  [["id", 4], ["LIMIT", 1]]
  Rendering students/edit.html.erb within layouts/application
  Rendered students/edit.html.erb within layouts/application (2.3ms)
Completed 200 OK in 110ms (Views: 31.1ms | ActiveRecord: 0.1ms)


Started PATCH "/students/4" for ::1 at 2020-04-18 15:37:55 -0700
Processing by StudentsController#update as HTML
  Parameters: {"utf8"=>"✓", "authenticity_token"=>"DsL5yPPg1UiY1z9xu3NtTmfRlkRp32apP8mDs6PmcCy1CECD2IsNsqbwcWNhS1tnQgfe8i3RGUaBpaTCIbfLag==", "student"=>{"first_name"=>"meme", "last_name"=>"sobonkers"}, "commit"=>"Update Student", "id"=>"4"}
  [1m[36mStudent Load (0.1ms)[0m  [1m[34mSELECT  "students".* FROM "students" WHERE "students"."id" = ? LIMIT ?[0m  [["id", 4], ["LIMIT", 1]]
  [1m[35m (0.1ms)[0m  [1m[36mbegin transaction[0m
  [1m[35mSQL (1.3ms)[0m  [1m[33mUPDATE "students" SET "last_name" = ?, "updated_at" = ? WHERE "students"."id" = ?[0m  [["last_name", "sobonkers"], ["updated_at", "2020-04-18 22:37:55.605875"], ["id", 4]]
  [1m[35m (2.6ms)[0m  [1m[36mcommit transaction[0m
Redirected to http://localhost:3000/students/4
Completed 302 Found in 10ms (ActiveRecord: 4.1ms)


Started GET "/students/4" for ::1 at 2020-04-18 15:37:55 -0700
Processing by StudentsController#show as HTML
  Parameters: {"id"=>"4"}
  [1m[36mStudent Load (0.2ms)[0m  [1m[34mSELECT  "students".* FROM "students" WHERE "students"."id" = ? LIMIT ?[0m  [["id", 4], ["LIMIT", 1]]
  Rendering students/show.html.erb within layouts/application
  Rendered students/show.html.erb within layouts/application (0.9ms)
Completed 200 OK in 26ms (Views: 24.2ms | ActiveRecord: 0.2ms)


Started GET "/students" for ::1 at 2020-04-18 15:38:03 -0700
Processing by StudentsController#index as HTML
  Rendering students/index.html.erb within layouts/application
  [1m[36mStudent Load (0.3ms)[0m  [1m[34mSELECT "students".* FROM "students"[0m
  Rendered students/index.html.erb within layouts/application (11.8ms)
Completed 500 Internal Server Error in 20ms (ActiveRecord: 0.3ms)


  
ActionView::Template::Error (undefined method `name' for #<Student:0x00007f9863b7ed98>):
    2: 
    3: <ul>
    4:     <% @students.each do |student| %>
    5:         <li><%= student.name %></li>
    6:     <% end %>
    7: </ul>
  
app/views/students/index.html.erb:5:in `block in _app_views_students_index_html_erb___4518447247582649588_70146273736180'
app/views/students/index.html.erb:4:in `_app_views_students_index_html_erb___4518447247582649588_70146273736180'
  Rendering /Users/leighadelarosa/.rvm/gems/ruby-2.6.5/gems/actionpack-5.0.7.1/lib/action_dispatch/middleware/templates/rescues/template_error.html.erb within rescues/layout
  Rendering /Users/leighadelarosa/.rvm/gems/ruby-2.6.5/gems/actionpack-5.0.7.1/lib/action_dispatch/middleware/templates/rescues/_source.html.erb
  Rendered /Users/leighadelarosa/.rvm/gems/ruby-2.6.5/gems/actionpack-5.0.7.1/lib/action_dispatch/middleware/templates/rescues/_source.html.erb (8.2ms)
  Rendering /Users/leighadelarosa/.rvm/gems/ruby-2.6.5/gems/actionpack-5.0.7.1/lib/action_dispatch/middleware/templates/rescues/_trace.html.erb
  Rendered /Users/leighadelarosa/.rvm/gems/ruby-2.6.5/gems/actionpack-5.0.7.1/lib/action_dispatch/middleware/templates/rescues/_trace.html.erb (2.6ms)
  Rendering /Users/leighadelarosa/.rvm/gems/ruby-2.6.5/gems/actionpack-5.0.7.1/lib/action_dispatch/middleware/templates/rescues/_request_and_response.html.erb
  Rendered /Users/leighadelarosa/.rvm/gems/ruby-2.6.5/gems/actionpack-5.0.7.1/lib/action_dispatch/middleware/templates/rescues/_request_and_response.html.erb (1.4ms)
  Rendered /Users/leighadelarosa/.rvm/gems/ruby-2.6.5/gems/actionpack-5.0.7.1/lib/action_dispatch/middleware/templates/rescues/template_error.html.erb within rescues/layout (49.1ms)
Started GET "/students" for ::1 at 2020-04-18 15:39:30 -0700
Processing by StudentsController#index as HTML
  Rendering students/index.html.erb within layouts/application
  [1m[36mStudent Load (0.3ms)[0m  [1m[34mSELECT "students".* FROM "students"[0m
  Rendered students/index.html.erb within layouts/application (6.5ms)
Completed 500 Internal Server Error in 12ms (ActiveRecord: 0.3ms)


  
ActionView::Template::Error (undefined method `last_name' for nil:NilClass):
    2: 
    3: <ul>
    4:     <% @students.each do |student| %>
    5:         <li><%= @student.last_name.capitalize %>, <%= @student.first_name.capitalize %></li>
    6:     <% end %>
    7: </ul>
  
app/views/students/index.html.erb:5:in `block in _app_views_students_index_html_erb___4518447247582649588_70146265195360'
app/views/students/index.html.erb:4:in `_app_views_students_index_html_erb___4518447247582649588_70146265195360'
  Rendering /Users/leighadelarosa/.rvm/gems/ruby-2.6.5/gems/actionpack-5.0.7.1/lib/action_dispatch/middleware/templates/rescues/template_error.html.erb within rescues/layout
  Rendering /Users/leighadelarosa/.rvm/gems/ruby-2.6.5/gems/actionpack-5.0.7.1/lib/action_dispatch/middleware/templates/rescues/_source.html.erb
  Rendered /Users/leighadelarosa/.rvm/gems/ruby-2.6.5/gems/actionpack-5.0.7.1/lib/action_dispatch/middleware/templates/rescues/_source.html.erb (5.7ms)
  Rendering /Users/leighadelarosa/.rvm/gems/ruby-2.6.5/gems/actionpack-5.0.7.1/lib/action_dispatch/middleware/templates/rescues/_trace.html.erb
  Rendered /Users/leighadelarosa/.rvm/gems/ruby-2.6.5/gems/actionpack-5.0.7.1/lib/action_dispatch/middleware/templates/rescues/_trace.html.erb (2.6ms)
  Rendering /Users/leighadelarosa/.rvm/gems/ruby-2.6.5/gems/actionpack-5.0.7.1/lib/action_dispatch/middleware/templates/rescues/_request_and_response.html.erb
  Rendered /Users/leighadelarosa/.rvm/gems/ruby-2.6.5/gems/actionpack-5.0.7.1/lib/action_dispatch/middleware/templates/rescues/_request_and_response.html.erb (1.9ms)
  Rendered /Users/leighadelarosa/.rvm/gems/ruby-2.6.5/gems/actionpack-5.0.7.1/lib/action_dispatch/middleware/templates/rescues/template_error.html.erb within rescues/layout (33.0ms)
Started GET "/students" for ::1 at 2020-04-18 15:39:56 -0700
Processing by StudentsController#index as HTML
  Rendering students/index.html.erb within layouts/application
  [1m[36mStudent Load (0.5ms)[0m  [1m[34mSELECT "students".* FROM "students"[0m
  Rendered students/index.html.erb within layouts/application (2.1ms)
Completed 200 OK in 30ms (Views: 27.9ms | ActiveRecord: 0.5ms)


Started GET "/students" for ::1 at 2020-04-18 15:41:37 -0700
Processing by StudentsController#index as HTML
  Rendering students/index.html.erb within layouts/application
  [1m[36mStudent Load (0.2ms)[0m  [1m[34mSELECT "students".* FROM "students"[0m
  Rendered students/index.html.erb within layouts/application (2.5ms)
Completed 200 OK in 34ms (Views: 32.0ms | ActiveRecord: 0.2ms)


Started GET "/students/1" for ::1 at 2020-04-18 15:41:38 -0700
Processing by StudentsController#show as HTML
  Parameters: {"id"=>"1"}
  [1m[36mStudent Load (0.2ms)[0m  [1m[34mSELECT  "students".* FROM "students" WHERE "students"."id" = ? LIMIT ?[0m  [["id", 1], ["LIMIT", 1]]
  Rendering students/show.html.erb within layouts/application
  Rendered students/show.html.erb within layouts/application (1.4ms)
Completed 200 OK in 39ms (Views: 33.7ms | ActiveRecord: 0.2ms)


Started GET "/students/3" for ::1 at 2020-04-18 15:41:43 -0700
Processing by StudentsController#show as HTML
  Parameters: {"id"=>"3"}
  [1m[36mStudent Load (0.2ms)[0m  [1m[34mSELECT  "students".* FROM "students" WHERE "students"."id" = ? LIMIT ?[0m  [["id", 3], ["LIMIT", 1]]
  Rendering students/show.html.erb within layouts/application
  Rendered students/show.html.erb within layouts/application (2.2ms)
Completed 200 OK in 41ms (Views: 37.1ms | ActiveRecord: 0.2ms)


Started GET "/students/4" for ::1 at 2020-04-18 15:41:46 -0700
Processing by StudentsController#show as HTML
  Parameters: {"id"=>"4"}
  [1m[36mStudent Load (0.2ms)[0m  [1m[34mSELECT  "students".* FROM "students" WHERE "students"."id" = ? LIMIT ?[0m  [["id", 4], ["LIMIT", 1]]
  Rendering students/show.html.erb within layouts/application
  Rendered students/show.html.erb within layouts/application (1.2ms)
Completed 200 OK in 68ms (Views: 62.8ms | ActiveRecord: 0.2ms)


Started GET "/students/new" for ::1 at 2020-04-18 15:42:34 -0700
  [1m[36mActiveRecord::SchemaMigration Load (0.2ms)[0m  [1m[34mSELECT "schema_migrations".* FROM "schema_migrations"[0m
Processing by StudentsController#new as HTML
  Rendering students/new.html.erb within layouts/application
  Rendered students/new.html.erb within layouts/application (22.6ms)
Completed 200 OK in 377ms (Views: 357.6ms | ActiveRecord: 0.6ms)


Started POST "/students" for ::1 at 2020-04-18 15:43:27 -0700
Processing by StudentsController#create as HTML
  Parameters: {"utf8"=>"✓", "authenticity_token"=>"qJL9PRXbtJ7a53tAq/E+UVT8j4R+fpYC2sI9UWF9TyYTWER2PrBsZOTANVJxyQh4cSrHMjpw6e1krhog4yz0YA==", "student"=>{"first_name"=>"juana", "last_name"=>"befree"}, "commit"=>"Create Student"}
  [1m[35m (0.3ms)[0m  [1m[36mbegin transaction[0m
  [1m[35mSQL (1.0ms)[0m  [1m[32mINSERT INTO "students" ("first_name", "last_name", "created_at", "updated_at") VALUES (?, ?, ?, ?)[0m  [["first_name", "juana"], ["last_name", "befree"], ["created_at", "2020-04-18 22:43:27.854122"], ["updated_at", "2020-04-18 22:43:27.854122"]]
  [1m[35m (1.6ms)[0m  [1m[36mcommit transaction[0m
Redirected to http://localhost:3000/students/5
Completed 302 Found in 8ms (ActiveRecord: 2.9ms)


Started GET "/students/5" for ::1 at 2020-04-18 15:43:27 -0700
Processing by StudentsController#show as HTML
  Parameters: {"id"=>"5"}
  [1m[36mStudent Load (0.3ms)[0m  [1m[34mSELECT  "students".* FROM "students" WHERE "students"."id" = ? LIMIT ?[0m  [["id", 5], ["LIMIT", 1]]
  Rendering students/show.html.erb within layouts/application
  Rendered students/show.html.erb within layouts/application (0.7ms)
Completed 200 OK in 28ms (Views: 21.1ms | ActiveRecord: 0.3ms)


Started GET "/students/5/edit" for ::1 at 2020-04-18 15:43:35 -0700
Processing by StudentsController#edit as HTML
  Parameters: {"id"=>"5"}
  [1m[36mStudent Load (0.2ms)[0m  [1m[34mSELECT  "students".* FROM "students" WHERE "students"."id" = ? LIMIT ?[0m  [["id", 5], ["LIMIT", 1]]
  Rendering students/edit.html.erb within layouts/application
  Rendered students/edit.html.erb within layouts/application (2.2ms)
Completed 200 OK in 32ms (Views: 27.8ms | ActiveRecord: 0.2ms)


Started PATCH "/students/5" for ::1 at 2020-04-18 15:43:46 -0700
Processing by StudentsController#update as HTML
  Parameters: {"utf8"=>"✓", "authenticity_token"=>"Yw9aWeT6Pxup6Hh5maSRkDGJlv+3zaRZaG/qWON0LXnYxeMSz5Hn4ZfPNmtDnKe5FF/eSfPD27bWA80pYSWWPw==", "student"=>{"first_name"=>"juana", "last_name"=>"beefree"}, "commit"=>"Update Student", "id"=>"5"}
  [1m[36mStudent Load (0.2ms)[0m  [1m[34mSELECT  "students".* FROM "students" WHERE "students"."id" = ? LIMIT ?[0m  [["id", 5], ["LIMIT", 1]]
  [1m[35m (0.1ms)[0m  [1m[36mbegin transaction[0m
  [1m[35mSQL (0.5ms)[0m  [1m[33mUPDATE "students" SET "last_name" = ?, "updated_at" = ? WHERE "students"."id" = ?[0m  [["last_name", "beefree"], ["updated_at", "2020-04-18 22:43:46.275528"], ["id", 5]]
  [1m[35m (1.0ms)[0m  [1m[36mcommit transaction[0m
Redirected to http://localhost:3000/students/5
Completed 302 Found in 8ms (ActiveRecord: 1.8ms)


Started GET "/students/5" for ::1 at 2020-04-18 15:43:46 -0700
Processing by StudentsController#show as HTML
  Parameters: {"id"=>"5"}
  [1m[36mStudent Load (0.1ms)[0m  [1m[34mSELECT  "students".* FROM "students" WHERE "students"."id" = ? LIMIT ?[0m  [["id", 5], ["LIMIT", 1]]
  Rendering students/show.html.erb within layouts/application
  Rendered students/show.html.erb within layouts/application (0.9ms)
Completed 200 OK in 27ms (Views: 24.8ms | ActiveRecord: 0.1ms)


Started GET "/students" for ::1 at 2020-04-18 15:43:54 -0700
Processing by StudentsController#index as HTML
  Rendering students/index.html.erb within layouts/application
  [1m[36mStudent Load (0.2ms)[0m  [1m[34mSELECT "students".* FROM "students"[0m
  Rendered students/index.html.erb within layouts/application (2.7ms)
Completed 200 OK in 37ms (Views: 35.2ms | ActiveRecord: 0.2ms)


Started GET "/students/5" for ::1 at 2020-04-18 15:43:56 -0700
Processing by StudentsController#show as HTML
  Parameters: {"id"=>"5"}
  [1m[36mStudent Load (0.2ms)[0m  [1m[34mSELECT  "students".* FROM "students" WHERE "students"."id" = ? LIMIT ?[0m  [["id", 5], ["LIMIT", 1]]
  Rendering students/show.html.erb within layouts/application
  Rendered students/show.html.erb within layouts/application (0.8ms)
Completed 200 OK in 35ms (Views: 31.7ms | ActiveRecord: 0.2ms)


Started GET "/students/5" for ::1 at 2020-04-18 16:12:00 -0700
  [1m[36mActiveRecord::SchemaMigration Load (0.6ms)[0m  [1m[34mSELECT "schema_migrations".* FROM "schema_migrations"[0m
Processing by StudentsController#show as HTML
  Parameters: {"id"=>"5"}
  [1m[36mStudent Load (0.5ms)[0m  [1m[34mSELECT  "students".* FROM "students" WHERE "students"."id" = ? LIMIT ?[0m  [["id", 5], ["LIMIT", 1]]
  Rendering students/show.html.erb within layouts/application
  Rendered students/show.html.erb within layouts/application (6.8ms)
Completed 500 Internal Server Error in 47ms (ActiveRecord: 1.8ms)


  
ActionView::Template::Error (<ActionController::Parameters {"controller"=>"students", "action"=>"show", "id"=>"5"} permitted: false>):
    2: 
    3: <p><%= @student.last_name.capitalize %>, <%= @student.first_name.capitalize %></p> 
    4: 
    5: <%= raise params.inspect %>
  
app/views/students/show.html.erb:5:in `_app_views_students_show_html_erb___661924680820839057_70147499432520'
  Rendering /Users/leighadelarosa/.rvm/gems/ruby-2.6.5/gems/actionpack-5.0.7.1/lib/action_dispatch/middleware/templates/rescues/template_error.html.erb within rescues/layout
  Rendering /Users/leighadelarosa/.rvm/gems/ruby-2.6.5/gems/actionpack-5.0.7.1/lib/action_dispatch/middleware/templates/rescues/_source.html.erb
  Rendered /Users/leighadelarosa/.rvm/gems/ruby-2.6.5/gems/actionpack-5.0.7.1/lib/action_dispatch/middleware/templates/rescues/_source.html.erb (4.8ms)
  Rendering /Users/leighadelarosa/.rvm/gems/ruby-2.6.5/gems/actionpack-5.0.7.1/lib/action_dispatch/middleware/templates/rescues/_trace.html.erb
  Rendered /Users/leighadelarosa/.rvm/gems/ruby-2.6.5/gems/actionpack-5.0.7.1/lib/action_dispatch/middleware/templates/rescues/_trace.html.erb (2.7ms)
  Rendering /Users/leighadelarosa/.rvm/gems/ruby-2.6.5/gems/actionpack-5.0.7.1/lib/action_dispatch/middleware/templates/rescues/_request_and_response.html.erb
  Rendered /Users/leighadelarosa/.rvm/gems/ruby-2.6.5/gems/actionpack-5.0.7.1/lib/action_dispatch/middleware/templates/rescues/_request_and_response.html.erb (1.4ms)
  Rendered /Users/leighadelarosa/.rvm/gems/ruby-2.6.5/gems/actionpack-5.0.7.1/lib/action_dispatch/middleware/templates/rescues/template_error.html.erb within rescues/layout (50.5ms)
Started GET "/students/5" for ::1 at 2020-04-18 16:12:37 -0700
Processing by StudentsController#show as HTML
  Parameters: {"id"=>"5"}
  [1m[36mStudent Load (1.7ms)[0m  [1m[34mSELECT  "students".* FROM "students" WHERE "students"."id" = ? LIMIT ?[0m  [["id", 5], ["LIMIT", 1]]
  Rendering students/show.html.erb within layouts/application
  Rendered students/show.html.erb within layouts/application (0.9ms)
Completed 200 OK in 353ms (Views: 347.2ms | ActiveRecord: 1.7ms)


Started GET "/students/new" for ::1 at 2020-04-18 16:12:43 -0700
Processing by StudentsController#new as HTML
  Rendering students/new.html.erb within layouts/application
  Rendered students/new.html.erb within layouts/application (35.5ms)
Completed 500 Internal Server Error in 47ms (ActiveRecord: 0.0ms)


  
ActionView::Template::Error (<ActionController::Parameters {"controller"=>"students", "action"=>"new"} permitted: false>):
    10:     <%= f.submit %>
    11: <% end %>
    12: 
    13: <%= raise params.inspect %>
  
app/views/students/new.html.erb:13:in `_app_views_students_new_html_erb__1133964393106199438_70147506734960'
  Rendering /Users/leighadelarosa/.rvm/gems/ruby-2.6.5/gems/actionpack-5.0.7.1/lib/action_dispatch/middleware/templates/rescues/template_error.html.erb within rescues/layout
  Rendering /Users/leighadelarosa/.rvm/gems/ruby-2.6.5/gems/actionpack-5.0.7.1/lib/action_dispatch/middleware/templates/rescues/_source.html.erb
  Rendered /Users/leighadelarosa/.rvm/gems/ruby-2.6.5/gems/actionpack-5.0.7.1/lib/action_dispatch/middleware/templates/rescues/_source.html.erb (5.0ms)
  Rendering /Users/leighadelarosa/.rvm/gems/ruby-2.6.5/gems/actionpack-5.0.7.1/lib/action_dispatch/middleware/templates/rescues/_trace.html.erb
  Rendered /Users/leighadelarosa/.rvm/gems/ruby-2.6.5/gems/actionpack-5.0.7.1/lib/action_dispatch/middleware/templates/rescues/_trace.html.erb (2.5ms)
  Rendering /Users/leighadelarosa/.rvm/gems/ruby-2.6.5/gems/actionpack-5.0.7.1/lib/action_dispatch/middleware/templates/rescues/_request_and_response.html.erb
  Rendered /Users/leighadelarosa/.rvm/gems/ruby-2.6.5/gems/actionpack-5.0.7.1/lib/action_dispatch/middleware/templates/rescues/_request_and_response.html.erb (1.3ms)
  Rendered /Users/leighadelarosa/.rvm/gems/ruby-2.6.5/gems/actionpack-5.0.7.1/lib/action_dispatch/middleware/templates/rescues/template_error.html.erb within rescues/layout (37.3ms)
Started GET "/students/new" for ::1 at 2020-04-18 16:13:52 -0700
Processing by StudentsController#new as HTML
  Rendering students/new.html.erb within layouts/application
  Rendered students/new.html.erb within layouts/application (2.8ms)
Completed 200 OK in 38ms (Views: 36.2ms | ActiveRecord: 0.0ms)


Started GET "/students/3" for ::1 at 2020-04-18 16:14:10 -0700
Processing by StudentsController#show as HTML
  Parameters: {"id"=>"3"}
  [1m[36mStudent Load (0.2ms)[0m  [1m[34mSELECT  "students".* FROM "students" WHERE "students"."id" = ? LIMIT ?[0m  [["id", 3], ["LIMIT", 1]]
  Rendering students/show.html.erb within layouts/application
  Rendered students/show.html.erb within layouts/application (0.9ms)
Completed 200 OK in 51ms (Views: 48.2ms | ActiveRecord: 0.2ms)


Started GET "/students/3/edit" for ::1 at 2020-04-18 16:14:22 -0700
Processing by StudentsController#edit as HTML
  Parameters: {"id"=>"3"}
  [1m[36mStudent Load (0.2ms)[0m  [1m[34mSELECT  "students".* FROM "students" WHERE "students"."id" = ? LIMIT ?[0m  [["id", 3], ["LIMIT", 1]]
  Rendering students/edit.html.erb within layouts/application
  Rendered students/edit.html.erb within layouts/application (3.3ms)
Completed 200 OK in 38ms (Views: 33.7ms | ActiveRecord: 0.2ms)


Started GET "/students" for ::1 at 2020-04-18 16:14:32 -0700
Processing by StudentsController#index as HTML
  Rendering students/index.html.erb within layouts/application
  [1m[36mStudent Load (0.3ms)[0m  [1m[34mSELECT "students".* FROM "students"[0m
  Rendered students/index.html.erb within layouts/application (4.3ms)
Completed 200 OK in 58ms (Views: 55.0ms | ActiveRecord: 0.3ms)


Started GET "/students/new" for ::1 at 2020-04-18 16:32:58 -0700
  [1m[36mActiveRecord::SchemaMigration Load (2.1ms)[0m  [1m[34mSELECT "schema_migrations".* FROM "schema_migrations"[0m
Processing by StudentsController#new as HTML
  Rendering students/new.html.erb within layouts/application
  Rendered students/new.html.erb within layouts/application (32.4ms)
Completed 200 OK in 419ms (Views: 398.1ms | ActiveRecord: 0.6ms)


Started GET "/school_classes/new" for ::1 at 2020-04-18 16:33:18 -0700
Processing by SchoolClassesController#new as HTML
  Rendering school_classes/new.html.erb within layouts/application
  Rendered school_classes/new.html.erb within layouts/application (4.1ms)
Completed 200 OK in 71ms (Views: 53.2ms | ActiveRecord: 0.9ms)


Started POST "/school_classes" for ::1 at 2020-04-18 16:33:37 -0700
Processing by SchoolClassesController#create as HTML
  Parameters: {"utf8"=>"✓", "authenticity_token"=>"vSxrNvM7YvpRnskzxNHN0CDMMKeSZe50PuGvyIBOhkoG5tJ92FC6AG+5hyEe6fv5BRp4EdZrkZuAjYi5Ah89DA==", "school_class"=>{"title"=>"intro to cs", "room_number"=>"404"}, "commit"=>"Create School class"}
  [1m[35m (0.1ms)[0m  [1m[36mbegin transaction[0m
  [1m[35mSQL (70.3ms)[0m  [1m[32mINSERT INTO "school_classes" ("title", "room_number", "created_at", "updated_at") VALUES (?, ?, ?, ?)[0m  [["title", "intro to cs"], ["room_number", 404], ["created_at", "2020-04-18 23:33:37.902093"], ["updated_at", "2020-04-18 23:33:37.902093"]]
  [1m[35m (3.5ms)[0m  [1m[36mcommit transaction[0m
Redirected to http://localhost:3000/school_classes/1
Completed 302 Found in 79ms (ActiveRecord: 73.9ms)


Started GET "/school_classes/1" for ::1 at 2020-04-18 16:33:37 -0700
Processing by SchoolClassesController#show as HTML
  Parameters: {"id"=>"1"}
  [1m[36mSchoolClass Load (0.8ms)[0m  [1m[34mSELECT  "school_classes".* FROM "school_classes" WHERE "school_classes"."id" = ? LIMIT ?[0m  [["id", 1], ["LIMIT", 1]]
  Rendering school_classes/show.html.erb within layouts/application
  Rendered school_classes/show.html.erb within layouts/application (53.2ms)
Completed 500 Internal Server Error in 67ms (ActiveRecord: 0.8ms)


  
ActionView::Template::Error (undefined local variable or method `school_class' for #<#<Class:0x00007f95f56db3d8>:0x00007f95f5b2fce0>
Did you mean?  @school_classes):
    1: <h2>Selected Class:</h2>
    2: 
    3: <p><%= school_class.title.capitalize %> | <%= school_class.room_number %></p>
    4: 
    5: <%= params.inspect %>
  
app/views/school_classes/show.html.erb:3:in `_app_views_school_classes_show_html_erb___1702086012457893968_70141024479600'
  Rendering /Users/leighadelarosa/.rvm/gems/ruby-2.6.5/gems/actionpack-5.0.7.1/lib/action_dispatch/middleware/templates/rescues/template_error.html.erb within rescues/layout
  Rendering /Users/leighadelarosa/.rvm/gems/ruby-2.6.5/gems/actionpack-5.0.7.1/lib/action_dispatch/middleware/templates/rescues/_source.html.erb
  Rendered /Users/leighadelarosa/.rvm/gems/ruby-2.6.5/gems/actionpack-5.0.7.1/lib/action_dispatch/middleware/templates/rescues/_source.html.erb (5.2ms)
  Rendering /Users/leighadelarosa/.rvm/gems/ruby-2.6.5/gems/actionpack-5.0.7.1/lib/action_dispatch/middleware/templates/rescues/_trace.html.erb
  Rendered /Users/leighadelarosa/.rvm/gems/ruby-2.6.5/gems/actionpack-5.0.7.1/lib/action_dispatch/middleware/templates/rescues/_trace.html.erb (2.5ms)
  Rendering /Users/leighadelarosa/.rvm/gems/ruby-2.6.5/gems/actionpack-5.0.7.1/lib/action_dispatch/middleware/templates/rescues/_request_and_response.html.erb
  Rendered /Users/leighadelarosa/.rvm/gems/ruby-2.6.5/gems/actionpack-5.0.7.1/lib/action_dispatch/middleware/templates/rescues/_request_and_response.html.erb (1.0ms)
  Rendered /Users/leighadelarosa/.rvm/gems/ruby-2.6.5/gems/actionpack-5.0.7.1/lib/action_dispatch/middleware/templates/rescues/template_error.html.erb within rescues/layout (53.1ms)
Started GET "/school_classes/1" for ::1 at 2020-04-18 16:33:57 -0700
Processing by SchoolClassesController#show as HTML
  Parameters: {"id"=>"1"}
  [1m[36mSchoolClass Load (0.1ms)[0m  [1m[34mSELECT  "school_classes".* FROM "school_classes" WHERE "school_classes"."id" = ? LIMIT ?[0m  [["id", 1], ["LIMIT", 1]]
  Rendering school_classes/show.html.erb within layouts/application
  Rendered school_classes/show.html.erb within layouts/application (3.9ms)
Completed 500 Internal Server Error in 13ms (ActiveRecord: 0.1ms)


  
ActionView::Template::Error (undefined method `title' for nil:NilClass):
    1: <h2>Selected Class:</h2>
    2: 
    3: <p><%= @school_class.title.capitalize %> | <%= @school_class.room_number %></p>
    4: 
    5: <%= params.inspect %>
  
app/views/school_classes/show.html.erb:3:in `_app_views_school_classes_show_html_erb___1702086012457893968_70141052617700'
  Rendering /Users/leighadelarosa/.rvm/gems/ruby-2.6.5/gems/actionpack-5.0.7.1/lib/action_dispatch/middleware/templates/rescues/template_error.html.erb within rescues/layout
  Rendering /Users/leighadelarosa/.rvm/gems/ruby-2.6.5/gems/actionpack-5.0.7.1/lib/action_dispatch/middleware/templates/rescues/_source.html.erb
  Rendered /Users/leighadelarosa/.rvm/gems/ruby-2.6.5/gems/actionpack-5.0.7.1/lib/action_dispatch/middleware/templates/rescues/_source.html.erb (11.5ms)
  Rendering /Users/leighadelarosa/.rvm/gems/ruby-2.6.5/gems/actionpack-5.0.7.1/lib/action_dispatch/middleware/templates/rescues/_trace.html.erb
  Rendered /Users/leighadelarosa/.rvm/gems/ruby-2.6.5/gems/actionpack-5.0.7.1/lib/action_dispatch/middleware/templates/rescues/_trace.html.erb (2.7ms)
  Rendering /Users/leighadelarosa/.rvm/gems/ruby-2.6.5/gems/actionpack-5.0.7.1/lib/action_dispatch/middleware/templates/rescues/_request_and_response.html.erb
  Rendered /Users/leighadelarosa/.rvm/gems/ruby-2.6.5/gems/actionpack-5.0.7.1/lib/action_dispatch/middleware/templates/rescues/_request_and_response.html.erb (2.9ms)
  Rendered /Users/leighadelarosa/.rvm/gems/ruby-2.6.5/gems/actionpack-5.0.7.1/lib/action_dispatch/middleware/templates/rescues/template_error.html.erb within rescues/layout (44.0ms)
Started GET "/school_classes/1" for ::1 at 2020-04-18 16:33:59 -0700
Processing by SchoolClassesController#show as HTML
  Parameters: {"id"=>"1"}
  [1m[36mSchoolClass Load (0.2ms)[0m  [1m[34mSELECT  "school_classes".* FROM "school_classes" WHERE "school_classes"."id" = ? LIMIT ?[0m  [["id", 1], ["LIMIT", 1]]
  Rendering school_classes/show.html.erb within layouts/application
  Rendered school_classes/show.html.erb within layouts/application (4.7ms)
Completed 500 Internal Server Error in 16ms (ActiveRecord: 0.2ms)


  
ActionView::Template::Error (undefined method `title' for nil:NilClass):
    1: <h2>Selected Class:</h2>
    2: 
    3: <p><%= @school_class.title.capitalize %> | <%= @school_class.room_number %></p>
    4: 
    5: <%= params.inspect %>
  
app/views/school_classes/show.html.erb:3:in `_app_views_school_classes_show_html_erb___1702086012457893968_70141054353560'
  Rendering /Users/leighadelarosa/.rvm/gems/ruby-2.6.5/gems/actionpack-5.0.7.1/lib/action_dispatch/middleware/templates/rescues/template_error.html.erb within rescues/layout
  Rendering /Users/leighadelarosa/.rvm/gems/ruby-2.6.5/gems/actionpack-5.0.7.1/lib/action_dispatch/middleware/templates/rescues/_source.html.erb
  Rendered /Users/leighadelarosa/.rvm/gems/ruby-2.6.5/gems/actionpack-5.0.7.1/lib/action_dispatch/middleware/templates/rescues/_source.html.erb (4.5ms)
  Rendering /Users/leighadelarosa/.rvm/gems/ruby-2.6.5/gems/actionpack-5.0.7.1/lib/action_dispatch/middleware/templates/rescues/_trace.html.erb
  Rendered /Users/leighadelarosa/.rvm/gems/ruby-2.6.5/gems/actionpack-5.0.7.1/lib/action_dispatch/middleware/templates/rescues/_trace.html.erb (1.9ms)
  Rendering /Users/leighadelarosa/.rvm/gems/ruby-2.6.5/gems/actionpack-5.0.7.1/lib/action_dispatch/middleware/templates/rescues/_request_and_response.html.erb
  Rendered /Users/leighadelarosa/.rvm/gems/ruby-2.6.5/gems/actionpack-5.0.7.1/lib/action_dispatch/middleware/templates/rescues/_request_and_response.html.erb (1.9ms)
  Rendered /Users/leighadelarosa/.rvm/gems/ruby-2.6.5/gems/actionpack-5.0.7.1/lib/action_dispatch/middleware/templates/rescues/template_error.html.erb within rescues/layout (34.9ms)
Started POST "/school_classes" for ::1 at 2020-04-18 16:34:02 -0700
Processing by SchoolClassesController#create as HTML
  Parameters: {"utf8"=>"✓", "authenticity_token"=>"vSxrNvM7YvpRnskzxNHN0CDMMKeSZe50PuGvyIBOhkoG5tJ92FC6AG+5hyEe6fv5BRp4EdZrkZuAjYi5Ah89DA==", "school_class"=>{"title"=>"intro to cs", "room_number"=>"404"}, "commit"=>"Create School class"}
  [1m[35m (0.1ms)[0m  [1m[36mbegin transaction[0m
  [1m[35mSQL (2.2ms)[0m  [1m[32mINSERT INTO "school_classes" ("title", "room_number", "created_at", "updated_at") VALUES (?, ?, ?, ?)[0m  [["title", "intro to cs"], ["room_number", 404], ["created_at", "2020-04-18 23:34:02.972295"], ["updated_at", "2020-04-18 23:34:02.972295"]]
  [1m[35m (4.5ms)[0m  [1m[36mcommit transaction[0m
Redirected to http://localhost:3000/school_classes/2
Completed 302 Found in 11ms (ActiveRecord: 6.9ms)


Started GET "/school_classes/2" for ::1 at 2020-04-18 16:34:02 -0700
Processing by SchoolClassesController#show as HTML
  Parameters: {"id"=>"2"}
  [1m[36mSchoolClass Load (0.2ms)[0m  [1m[34mSELECT  "school_classes".* FROM "school_classes" WHERE "school_classes"."id" = ? LIMIT ?[0m  [["id", 2], ["LIMIT", 1]]
  Rendering school_classes/show.html.erb within layouts/application
  Rendered school_classes/show.html.erb within layouts/application (4.0ms)
Completed 500 Internal Server Error in 35ms (ActiveRecord: 0.2ms)


  
ActionView::Template::Error (undefined method `title' for nil:NilClass):
    1: <h2>Selected Class:</h2>
    2: 
    3: <p><%= @school_class.title.capitalize %> | <%= @school_class.room_number %></p>
    4: 
    5: <%= params.inspect %>
  
app/views/school_classes/show.html.erb:3:in `_app_views_school_classes_show_html_erb___1702086012457893968_70141029684820'
  Rendering /Users/leighadelarosa/.rvm/gems/ruby-2.6.5/gems/actionpack-5.0.7.1/lib/action_dispatch/middleware/templates/rescues/template_error.html.erb within rescues/layout
  Rendering /Users/leighadelarosa/.rvm/gems/ruby-2.6.5/gems/actionpack-5.0.7.1/lib/action_dispatch/middleware/templates/rescues/_source.html.erb
  Rendered /Users/leighadelarosa/.rvm/gems/ruby-2.6.5/gems/actionpack-5.0.7.1/lib/action_dispatch/middleware/templates/rescues/_source.html.erb (9.6ms)
  Rendering /Users/leighadelarosa/.rvm/gems/ruby-2.6.5/gems/actionpack-5.0.7.1/lib/action_dispatch/middleware/templates/rescues/_trace.html.erb
  Rendered /Users/leighadelarosa/.rvm/gems/ruby-2.6.5/gems/actionpack-5.0.7.1/lib/action_dispatch/middleware/templates/rescues/_trace.html.erb (3.7ms)
  Rendering /Users/leighadelarosa/.rvm/gems/ruby-2.6.5/gems/actionpack-5.0.7.1/lib/action_dispatch/middleware/templates/rescues/_request_and_response.html.erb
  Rendered /Users/leighadelarosa/.rvm/gems/ruby-2.6.5/gems/actionpack-5.0.7.1/lib/action_dispatch/middleware/templates/rescues/_request_and_response.html.erb (1.3ms)
  Rendered /Users/leighadelarosa/.rvm/gems/ruby-2.6.5/gems/actionpack-5.0.7.1/lib/action_dispatch/middleware/templates/rescues/template_error.html.erb within rescues/layout (47.0ms)
Started GET "/school_classes/2" for ::1 at 2020-04-18 16:38:04 -0700
Processing by SchoolClassesController#show as HTML
  Parameters: {"id"=>"2"}
  [1m[36mSchoolClass Load (0.2ms)[0m  [1m[34mSELECT  "school_classes".* FROM "school_classes" WHERE "school_classes"."id" = ? LIMIT ?[0m  [["id", 2], ["LIMIT", 1]]
  Rendering school_classes/show.html.erb within layouts/application
  Rendered school_classes/show.html.erb within layouts/application (3.9ms)
Completed 500 Internal Server Error in 23ms (ActiveRecord: 0.2ms)


  
ActionView::Template::Error (undefined method `title' for nil:NilClass):
    1: <h2>Selected Class:</h2>
    2: 
    3: <p><%= @school_class.title.capitalize %>: <%= @school_class.room_number %></p>
    4: 
    5: <%= params.inspect %>
  
app/views/school_classes/show.html.erb:3:in `_app_views_school_classes_show_html_erb___1702086012457893968_70141025139940'
  Rendering /Users/leighadelarosa/.rvm/gems/ruby-2.6.5/gems/actionpack-5.0.7.1/lib/action_dispatch/middleware/templates/rescues/template_error.html.erb within rescues/layout
  Rendering /Users/leighadelarosa/.rvm/gems/ruby-2.6.5/gems/actionpack-5.0.7.1/lib/action_dispatch/middleware/templates/rescues/_source.html.erb
  Rendered /Users/leighadelarosa/.rvm/gems/ruby-2.6.5/gems/actionpack-5.0.7.1/lib/action_dispatch/middleware/templates/rescues/_source.html.erb (44.7ms)
  Rendering /Users/leighadelarosa/.rvm/gems/ruby-2.6.5/gems/actionpack-5.0.7.1/lib/action_dispatch/middleware/templates/rescues/_trace.html.erb
  Rendered /Users/leighadelarosa/.rvm/gems/ruby-2.6.5/gems/actionpack-5.0.7.1/lib/action_dispatch/middleware/templates/rescues/_trace.html.erb (2.0ms)
  Rendering /Users/leighadelarosa/.rvm/gems/ruby-2.6.5/gems/actionpack-5.0.7.1/lib/action_dispatch/middleware/templates/rescues/_request_and_response.html.erb
  Rendered /Users/leighadelarosa/.rvm/gems/ruby-2.6.5/gems/actionpack-5.0.7.1/lib/action_dispatch/middleware/templates/rescues/_request_and_response.html.erb (3.5ms)
  Rendered /Users/leighadelarosa/.rvm/gems/ruby-2.6.5/gems/actionpack-5.0.7.1/lib/action_dispatch/middleware/templates/rescues/template_error.html.erb within rescues/layout (91.1ms)
Started GET "/school_classes/2" for ::1 at 2020-04-18 16:38:06 -0700
Processing by SchoolClassesController#show as HTML
  Parameters: {"id"=>"2"}
  [1m[36mSchoolClass Load (0.2ms)[0m  [1m[34mSELECT  "school_classes".* FROM "school_classes" WHERE "school_classes"."id" = ? LIMIT ?[0m  [["id", 2], ["LIMIT", 1]]
  Rendering school_classes/show.html.erb within layouts/application
  Rendered school_classes/show.html.erb within layouts/application (4.6ms)
Completed 500 Internal Server Error in 13ms (ActiveRecord: 0.2ms)


  
ActionView::Template::Error (undefined method `title' for nil:NilClass):
    1: <h2>Selected Class:</h2>
    2: 
    3: <p><%= @school_class.title.capitalize %>: <%= @school_class.room_number %></p>
    4: 
    5: <%= params.inspect %>
  
app/views/school_classes/show.html.erb:3:in `_app_views_school_classes_show_html_erb___1702086012457893968_70141053228580'
  Rendering /Users/leighadelarosa/.rvm/gems/ruby-2.6.5/gems/actionpack-5.0.7.1/lib/action_dispatch/middleware/templates/rescues/template_error.html.erb within rescues/layout
  Rendering /Users/leighadelarosa/.rvm/gems/ruby-2.6.5/gems/actionpack-5.0.7.1/lib/action_dispatch/middleware/templates/rescues/_source.html.erb
  Rendered /Users/leighadelarosa/.rvm/gems/ruby-2.6.5/gems/actionpack-5.0.7.1/lib/action_dispatch/middleware/templates/rescues/_source.html.erb (4.5ms)
  Rendering /Users/leighadelarosa/.rvm/gems/ruby-2.6.5/gems/actionpack-5.0.7.1/lib/action_dispatch/middleware/templates/rescues/_trace.html.erb
  Rendered /Users/leighadelarosa/.rvm/gems/ruby-2.6.5/gems/actionpack-5.0.7.1/lib/action_dispatch/middleware/templates/rescues/_trace.html.erb (4.5ms)
  Rendering /Users/leighadelarosa/.rvm/gems/ruby-2.6.5/gems/actionpack-5.0.7.1/lib/action_dispatch/middleware/templates/rescues/_request_and_response.html.erb
  Rendered /Users/leighadelarosa/.rvm/gems/ruby-2.6.5/gems/actionpack-5.0.7.1/lib/action_dispatch/middleware/templates/rescues/_request_and_response.html.erb (0.9ms)
  Rendered /Users/leighadelarosa/.rvm/gems/ruby-2.6.5/gems/actionpack-5.0.7.1/lib/action_dispatch/middleware/templates/rescues/template_error.html.erb within rescues/layout (64.7ms)
Started GET "/school_classes/2" for ::1 at 2020-04-18 16:38:27 -0700
Processing by SchoolClassesController#show as HTML
  Parameters: {"id"=>"2"}
  [1m[36mSchoolClass Load (0.2ms)[0m  [1m[34mSELECT  "school_classes".* FROM "school_classes" WHERE "school_classes"."id" = ? LIMIT ?[0m  [["id", 2], ["LIMIT", 1]]
  Rendering school_classes/show.html.erb within layouts/application
  Rendered school_classes/show.html.erb within layouts/application (5.2ms)
Completed 500 Internal Server Error in 22ms (ActiveRecord: 0.2ms)


  
ActionView::Template::Error (undefined method `room_number' for nil:NilClass):
    1: <h2>Selected Class:</h2>
    2: 
    3: <p><%= @school_class %>: <%= @school_class.room_number %></p>
    4: 
    5: <%= params.inspect %>
  
app/views/school_classes/show.html.erb:3:in `_app_views_school_classes_show_html_erb___1702086012457893968_70141062034820'
  Rendering /Users/leighadelarosa/.rvm/gems/ruby-2.6.5/gems/actionpack-5.0.7.1/lib/action_dispatch/middleware/templates/rescues/template_error.html.erb within rescues/layout
  Rendering /Users/leighadelarosa/.rvm/gems/ruby-2.6.5/gems/actionpack-5.0.7.1/lib/action_dispatch/middleware/templates/rescues/_source.html.erb
  Rendered /Users/leighadelarosa/.rvm/gems/ruby-2.6.5/gems/actionpack-5.0.7.1/lib/action_dispatch/middleware/templates/rescues/_source.html.erb (4.5ms)
  Rendering /Users/leighadelarosa/.rvm/gems/ruby-2.6.5/gems/actionpack-5.0.7.1/lib/action_dispatch/middleware/templates/rescues/_trace.html.erb
  Rendered /Users/leighadelarosa/.rvm/gems/ruby-2.6.5/gems/actionpack-5.0.7.1/lib/action_dispatch/middleware/templates/rescues/_trace.html.erb (2.7ms)
  Rendering /Users/leighadelarosa/.rvm/gems/ruby-2.6.5/gems/actionpack-5.0.7.1/lib/action_dispatch/middleware/templates/rescues/_request_and_response.html.erb
  Rendered /Users/leighadelarosa/.rvm/gems/ruby-2.6.5/gems/actionpack-5.0.7.1/lib/action_dispatch/middleware/templates/rescues/_request_and_response.html.erb (1.2ms)
  Rendered /Users/leighadelarosa/.rvm/gems/ruby-2.6.5/gems/actionpack-5.0.7.1/lib/action_dispatch/middleware/templates/rescues/template_error.html.erb within rescues/layout (34.8ms)
Started GET "/school_classes/2" for ::1 at 2020-04-18 16:38:46 -0700
Processing by SchoolClassesController#show as HTML
  Parameters: {"id"=>"2"}
  [1m[36mSchoolClass Load (0.1ms)[0m  [1m[34mSELECT  "school_classes".* FROM "school_classes" WHERE "school_classes"."id" = ? LIMIT ?[0m  [["id", 2], ["LIMIT", 1]]
  Rendering school_classes/show.html.erb within layouts/application
  Rendered school_classes/show.html.erb within layouts/application (2.4ms)
Completed 500 Internal Server Error in 6ms (ActiveRecord: 0.1ms)


  
ActionView::Template::Error (undefined method `title' for nil:NilClass):
    1: <h2>Selected Class:</h2>
    2: 
    3: <p><%= @school_class.title %>: <%= @school_class.room_number %></p>
    4: 
    5: <%= params.inspect %>
  
app/views/school_classes/show.html.erb:3:in `_app_views_school_classes_show_html_erb___1702086012457893968_70141025497540'
  Rendering /Users/leighadelarosa/.rvm/gems/ruby-2.6.5/gems/actionpack-5.0.7.1/lib/action_dispatch/middleware/templates/rescues/template_error.html.erb within rescues/layout
  Rendering /Users/leighadelarosa/.rvm/gems/ruby-2.6.5/gems/actionpack-5.0.7.1/lib/action_dispatch/middleware/templates/rescues/_source.html.erb
  Rendered /Users/leighadelarosa/.rvm/gems/ruby-2.6.5/gems/actionpack-5.0.7.1/lib/action_dispatch/middleware/templates/rescues/_source.html.erb (5.0ms)
  Rendering /Users/leighadelarosa/.rvm/gems/ruby-2.6.5/gems/actionpack-5.0.7.1/lib/action_dispatch/middleware/templates/rescues/_trace.html.erb
  Rendered /Users/leighadelarosa/.rvm/gems/ruby-2.6.5/gems/actionpack-5.0.7.1/lib/action_dispatch/middleware/templates/rescues/_trace.html.erb (2.0ms)
  Rendering /Users/leighadelarosa/.rvm/gems/ruby-2.6.5/gems/actionpack-5.0.7.1/lib/action_dispatch/middleware/templates/rescues/_request_and_response.html.erb
  Rendered /Users/leighadelarosa/.rvm/gems/ruby-2.6.5/gems/actionpack-5.0.7.1/lib/action_dispatch/middleware/templates/rescues/_request_and_response.html.erb (7.0ms)
  Rendered /Users/leighadelarosa/.rvm/gems/ruby-2.6.5/gems/actionpack-5.0.7.1/lib/action_dispatch/middleware/templates/rescues/template_error.html.erb within rescues/layout (46.3ms)
Started GET "/school_classes/2" for ::1 at 2020-04-18 16:40:04 -0700
Processing by SchoolClassesController#show as HTML
  Parameters: {"id"=>"2"}
  [1m[36mSchoolClass Load (0.2ms)[0m  [1m[34mSELECT  "school_classes".* FROM "school_classes" WHERE "school_classes"."id" = ? LIMIT ?[0m  [["id", 2], ["LIMIT", 1]]
  Rendering school_classes/show.html.erb within layouts/application
  Rendered school_classes/show.html.erb within layouts/application (4.7ms)
Completed 500 Internal Server Error in 16ms (ActiveRecord: 0.2ms)


  
ActionView::Template::Error (undefined method `title' for nil:NilClass):
    1: <h2>Selected Class:</h2>
    2: 
    3: <p><%#= @school_class.title.capitalize %>: <%#= @school_class.room_number %></p>
    4: <%= @school_class.title %> | <%= @school_class.room_number %>
    5: 
    6: 
    7: <%= params.inspect %>
  
app/views/school_classes/show.html.erb:4:in `_app_views_school_classes_show_html_erb___1702086012457893968_70141030534000'
  Rendering /Users/leighadelarosa/.rvm/gems/ruby-2.6.5/gems/actionpack-5.0.7.1/lib/action_dispatch/middleware/templates/rescues/template_error.html.erb within rescues/layout
  Rendering /Users/leighadelarosa/.rvm/gems/ruby-2.6.5/gems/actionpack-5.0.7.1/lib/action_dispatch/middleware/templates/rescues/_source.html.erb
  Rendered /Users/leighadelarosa/.rvm/gems/ruby-2.6.5/gems/actionpack-5.0.7.1/lib/action_dispatch/middleware/templates/rescues/_source.html.erb (8.1ms)
  Rendering /Users/leighadelarosa/.rvm/gems/ruby-2.6.5/gems/actionpack-5.0.7.1/lib/action_dispatch/middleware/templates/rescues/_trace.html.erb
  Rendered /Users/leighadelarosa/.rvm/gems/ruby-2.6.5/gems/actionpack-5.0.7.1/lib/action_dispatch/middleware/templates/rescues/_trace.html.erb (1.9ms)
  Rendering /Users/leighadelarosa/.rvm/gems/ruby-2.6.5/gems/actionpack-5.0.7.1/lib/action_dispatch/middleware/templates/rescues/_request_and_response.html.erb
  Rendered /Users/leighadelarosa/.rvm/gems/ruby-2.6.5/gems/actionpack-5.0.7.1/lib/action_dispatch/middleware/templates/rescues/_request_and_response.html.erb (3.3ms)
  Rendered /Users/leighadelarosa/.rvm/gems/ruby-2.6.5/gems/actionpack-5.0.7.1/lib/action_dispatch/middleware/templates/rescues/template_error.html.erb within rescues/layout (43.1ms)
Started GET "/school_classes/new" for ::1 at 2020-04-18 16:41:37 -0700
Processing by SchoolClassesController#new as HTML
  Rendering school_classes/new.html.erb within layouts/application
  Rendered school_classes/new.html.erb within layouts/application (3.3ms)
Completed 200 OK in 71ms (Views: 66.0ms | ActiveRecord: 0.0ms)


Started POST "/school_classes" for ::1 at 2020-04-18 16:42:03 -0700
Processing by SchoolClassesController#create as HTML
  Parameters: {"utf8"=>"✓", "authenticity_token"=>"hB/7bgK3+uaD75QbxYXGgIANfhIPZz6wdDCvmR5vm8E/1UIlKdwiHL3I2gkfvfCppds2pEtpQV/KXIjonD4ghw==", "school_class"=>{"title"=>"mixed media art", "room_number"=>"206"}, "commit"=>"Create School class"}
  [1m[35m (0.1ms)[0m  [1m[36mbegin transaction[0m
  [1m[35mSQL (1.1ms)[0m  [1m[32mINSERT INTO "school_classes" ("title", "room_number", "created_at", "updated_at") VALUES (?, ?, ?, ?)[0m  [["title", "mixed media art"], ["room_number", 206], ["created_at", "2020-04-18 23:42:03.180454"], ["updated_at", "2020-04-18 23:42:03.180454"]]
  [1m[35m (5.8ms)[0m  [1m[36mcommit transaction[0m
Redirected to http://localhost:3000/school_classes/3
Completed 302 Found in 13ms (ActiveRecord: 7.0ms)


Started GET "/school_classes/3" for ::1 at 2020-04-18 16:42:03 -0700
Processing by SchoolClassesController#show as HTML
  Parameters: {"id"=>"3"}
  [1m[36mSchoolClass Load (0.3ms)[0m  [1m[34mSELECT  "school_classes".* FROM "school_classes" WHERE "school_classes"."id" = ? LIMIT ?[0m  [["id", 3], ["LIMIT", 1]]
  Rendering school_classes/show.html.erb within layouts/application
  Rendered school_classes/show.html.erb within layouts/application (5.1ms)
Completed 500 Internal Server Error in 16ms (ActiveRecord: 0.3ms)


  
ActionView::Template::Error (undefined method `title' for nil:NilClass):
    1: <h2>Selected Class:</h2>
    2: 
    3: <h3><%= @school_class.title.capitalize %> | <%= @school_class.room_number %></h3>
    4: 
    5: <%= params.inspect %>
  
app/views/school_classes/show.html.erb:3:in `_app_views_school_classes_show_html_erb___1702086012457893968_70141025449700'
  Rendering /Users/leighadelarosa/.rvm/gems/ruby-2.6.5/gems/actionpack-5.0.7.1/lib/action_dispatch/middleware/templates/rescues/template_error.html.erb within rescues/layout
  Rendering /Users/leighadelarosa/.rvm/gems/ruby-2.6.5/gems/actionpack-5.0.7.1/lib/action_dispatch/middleware/templates/rescues/_source.html.erb
  Rendered /Users/leighadelarosa/.rvm/gems/ruby-2.6.5/gems/actionpack-5.0.7.1/lib/action_dispatch/middleware/templates/rescues/_source.html.erb (8.2ms)
  Rendering /Users/leighadelarosa/.rvm/gems/ruby-2.6.5/gems/actionpack-5.0.7.1/lib/action_dispatch/middleware/templates/rescues/_trace.html.erb
  Rendered /Users/leighadelarosa/.rvm/gems/ruby-2.6.5/gems/actionpack-5.0.7.1/lib/action_dispatch/middleware/templates/rescues/_trace.html.erb (2.0ms)
  Rendering /Users/leighadelarosa/.rvm/gems/ruby-2.6.5/gems/actionpack-5.0.7.1/lib/action_dispatch/middleware/templates/rescues/_request_and_response.html.erb
  Rendered /Users/leighadelarosa/.rvm/gems/ruby-2.6.5/gems/actionpack-5.0.7.1/lib/action_dispatch/middleware/templates/rescues/_request_and_response.html.erb (1.0ms)
  Rendered /Users/leighadelarosa/.rvm/gems/ruby-2.6.5/gems/actionpack-5.0.7.1/lib/action_dispatch/middleware/templates/rescues/template_error.html.erb within rescues/layout (43.7ms)
Started GET "/school_classes/3" for ::1 at 2020-04-18 16:42:22 -0700
Processing by SchoolClassesController#show as HTML
  Parameters: {"id"=>"3"}
  [1m[36mSchoolClass Load (0.2ms)[0m  [1m[34mSELECT  "school_classes".* FROM "school_classes" WHERE "school_classes"."id" = ? LIMIT ?[0m  [["id", 3], ["LIMIT", 1]]
  Rendering school_classes/show.html.erb within layouts/application
  Rendered school_classes/show.html.erb within layouts/application (0.5ms)
Completed 200 OK in 38ms (Views: 34.5ms | ActiveRecord: 0.2ms)


Started POST "/school_classes" for ::1 at 2020-04-18 16:44:25 -0700
Processing by SchoolClassesController#create as HTML
  Parameters: {"utf8"=>"✓", "authenticity_token"=>"hB/7bgK3+uaD75QbxYXGgIANfhIPZz6wdDCvmR5vm8E/1UIlKdwiHL3I2gkfvfCppds2pEtpQV/KXIjonD4ghw==", "school_class"=>{"title"=>"mixed media art", "room_number"=>"206"}, "commit"=>"Create School class"}
  [1m[35m (0.1ms)[0m  [1m[36mbegin transaction[0m
  [1m[35mSQL (0.5ms)[0m  [1m[32mINSERT INTO "school_classes" ("title", "room_number", "created_at", "updated_at") VALUES (?, ?, ?, ?)[0m  [["title", "mixed media art"], ["room_number", 206], ["created_at", "2020-04-18 23:44:25.776760"], ["updated_at", "2020-04-18 23:44:25.776760"]]
  [1m[35m (1.0ms)[0m  [1m[36mcommit transaction[0m
Started POST "/school_classes" for ::1 at 2020-04-18 16:47:37 -0700
  [1m[36mActiveRecord::SchemaMigration Load (0.2ms)[0m  [1m[34mSELECT "schema_migrations".* FROM "schema_migrations"[0m
Processing by SchoolClassesController#create as HTML
  Parameters: {"utf8"=>"✓", "authenticity_token"=>"hB/7bgK3+uaD75QbxYXGgIANfhIPZz6wdDCvmR5vm8E/1UIlKdwiHL3I2gkfvfCppds2pEtpQV/KXIjonD4ghw==", "school_class"=>{"title"=>"mixed media art", "room_number"=>"206"}, "commit"=>"Create School class"}
  [1m[35m (0.1ms)[0m  [1m[36mbegin transaction[0m
  [1m[35mSQL (0.6ms)[0m  [1m[32mINSERT INTO "school_classes" ("title", "room_number", "created_at", "updated_at") VALUES (?, ?, ?, ?)[0m  [["title", "mixed media art"], ["room_number", 206], ["created_at", "2020-04-18 23:47:38.390480"], ["updated_at", "2020-04-18 23:47:38.390480"]]
  [1m[35m (1.4ms)[0m  [1m[36mcommit transaction[0m
  [1m[35m (0.1ms)[0m  [1m[36mbegin transaction[0m
  [1m[35m (0.1ms)[0m  [1m[36mcommit transaction[0m
Redirected to http://localhost:3000/school_classes/5
Completed 302 Found in 67ms (ActiveRecord: 3.0ms)


Started GET "/school_classes/5" for ::1 at 2020-04-18 16:47:38 -0700
Processing by SchoolClassesController#show as HTML
  Parameters: {"id"=>"5"}
  [1m[36mSchoolClass Load (0.2ms)[0m  [1m[34mSELECT  "school_classes".* FROM "school_classes" WHERE "school_classes"."id" = ? LIMIT ?[0m  [["id", 5], ["LIMIT", 1]]
  Rendering school_classes/show.html.erb within layouts/application
  Rendered school_classes/show.html.erb within layouts/application (14.0ms)
Completed 500 Internal Server Error in 40ms (ActiveRecord: 0.2ms)


  
ActionView::Template::Error (undefined method `title' for nil:NilClass):
    1: <h2>Selected Class:</h2>
    2: 
    3: <h3><%= @school_class.title.capitalize %> | <%= @school_class.room_number %></h3>
    4: 
    5: <%= params.inspect %>
  
app/views/school_classes/show.html.erb:3:in `_app_views_school_classes_show_html_erb__4513904692534470805_70095934249520'
  Rendering /Users/leighadelarosa/.rvm/gems/ruby-2.6.5/gems/actionpack-5.0.7.1/lib/action_dispatch/middleware/templates/rescues/template_error.html.erb within rescues/layout
  Rendering /Users/leighadelarosa/.rvm/gems/ruby-2.6.5/gems/actionpack-5.0.7.1/lib/action_dispatch/middleware/templates/rescues/_source.html.erb
  Rendered /Users/leighadelarosa/.rvm/gems/ruby-2.6.5/gems/actionpack-5.0.7.1/lib/action_dispatch/middleware/templates/rescues/_source.html.erb (5.8ms)
  Rendering /Users/leighadelarosa/.rvm/gems/ruby-2.6.5/gems/actionpack-5.0.7.1/lib/action_dispatch/middleware/templates/rescues/_trace.html.erb
  Rendered /Users/leighadelarosa/.rvm/gems/ruby-2.6.5/gems/actionpack-5.0.7.1/lib/action_dispatch/middleware/templates/rescues/_trace.html.erb (2.2ms)
  Rendering /Users/leighadelarosa/.rvm/gems/ruby-2.6.5/gems/actionpack-5.0.7.1/lib/action_dispatch/middleware/templates/rescues/_request_and_response.html.erb
  Rendered /Users/leighadelarosa/.rvm/gems/ruby-2.6.5/gems/actionpack-5.0.7.1/lib/action_dispatch/middleware/templates/rescues/_request_and_response.html.erb (1.0ms)
  Rendered /Users/leighadelarosa/.rvm/gems/ruby-2.6.5/gems/actionpack-5.0.7.1/lib/action_dispatch/middleware/templates/rescues/template_error.html.erb within rescues/layout (69.2ms)
Started GET "/school_classes/new" for ::1 at 2020-04-18 16:47:42 -0700
Processing by SchoolClassesController#new as HTML
  Rendering school_classes/new.html.erb within layouts/application
  Rendered school_classes/new.html.erb within layouts/application (92.4ms)
Completed 200 OK in 461ms (Views: 457.8ms | ActiveRecord: 0.0ms)


Started POST "/school_classes" for ::1 at 2020-04-18 16:48:19 -0700
Processing by SchoolClassesController#create as HTML
  Parameters: {"utf8"=>"✓", "authenticity_token"=>"vE5SMx+/dTLd1GObBOsNTaQKxlkhzOH00QEUEp+369UHhOt4NNStyOPzLYne0ztkgdyO72XCnhtvbTNjHeZQkw==", "school_class"=>{"title"=>"bird songs", "room_number"=>"107"}, "commit"=>"Create School class"}
  [1m[35m (0.1ms)[0m  [1m[36mbegin transaction[0m
  [1m[35mSQL (0.6ms)[0m  [1m[32mINSERT INTO "school_classes" ("title", "room_number", "created_at", "updated_at") VALUES (?, ?, ?, ?)[0m  [["title", "bird songs"], ["room_number", 107], ["created_at", "2020-04-18 23:48:19.303935"], ["updated_at", "2020-04-18 23:48:19.303935"]]
  [1m[35m (10.7ms)[0m  [1m[36mcommit transaction[0m
  [1m[35m (0.1ms)[0m  [1m[36mbegin transaction[0m
  [1m[35m (0.0ms)[0m  [1m[36mcommit transaction[0m
Redirected to http://localhost:3000/school_classes/6
Completed 302 Found in 16ms (ActiveRecord: 11.5ms)


Started GET "/school_classes/6" for ::1 at 2020-04-18 16:48:19 -0700
Processing by SchoolClassesController#show as HTML
  Parameters: {"id"=>"6"}
  [1m[36mSchoolClass Load (0.3ms)[0m  [1m[34mSELECT  "school_classes".* FROM "school_classes" WHERE "school_classes"."id" = ? LIMIT ?[0m  [["id", 6], ["LIMIT", 1]]
  Rendering school_classes/show.html.erb within layouts/application
  Rendered school_classes/show.html.erb within layouts/application (16.3ms)
Completed 500 Internal Server Error in 25ms (ActiveRecord: 0.3ms)


  
ActionView::Template::Error (undefined method `title' for nil:NilClass):
    1: <h2>Selected Class:</h2>
    2: 
    3: <h3><%= @school_class.title.capitalize %> | <%= @school_class.room_number %></h3>
    4: 
    5: <%= params.inspect %>
  
app/views/school_classes/show.html.erb:3:in `_app_views_school_classes_show_html_erb__4513904692534470805_70095943285480'
  Rendering /Users/leighadelarosa/.rvm/gems/ruby-2.6.5/gems/actionpack-5.0.7.1/lib/action_dispatch/middleware/templates/rescues/template_error.html.erb within rescues/layout
  Rendering /Users/leighadelarosa/.rvm/gems/ruby-2.6.5/gems/actionpack-5.0.7.1/lib/action_dispatch/middleware/templates/rescues/_source.html.erb
  Rendered /Users/leighadelarosa/.rvm/gems/ruby-2.6.5/gems/actionpack-5.0.7.1/lib/action_dispatch/middleware/templates/rescues/_source.html.erb (4.5ms)
  Rendering /Users/leighadelarosa/.rvm/gems/ruby-2.6.5/gems/actionpack-5.0.7.1/lib/action_dispatch/middleware/templates/rescues/_trace.html.erb
  Rendered /Users/leighadelarosa/.rvm/gems/ruby-2.6.5/gems/actionpack-5.0.7.1/lib/action_dispatch/middleware/templates/rescues/_trace.html.erb (2.5ms)
  Rendering /Users/leighadelarosa/.rvm/gems/ruby-2.6.5/gems/actionpack-5.0.7.1/lib/action_dispatch/middleware/templates/rescues/_request_and_response.html.erb
  Rendered /Users/leighadelarosa/.rvm/gems/ruby-2.6.5/gems/actionpack-5.0.7.1/lib/action_dispatch/middleware/templates/rescues/_request_and_response.html.erb (1.0ms)
  Rendered /Users/leighadelarosa/.rvm/gems/ruby-2.6.5/gems/actionpack-5.0.7.1/lib/action_dispatch/middleware/templates/rescues/template_error.html.erb within rescues/layout (45.1ms)
Started GET "/school_classes/6" for ::1 at 2020-04-18 16:48:46 -0700
Processing by SchoolClassesController#show as HTML
  Parameters: {"id"=>"6"}
  [1m[36mSchoolClass Load (0.2ms)[0m  [1m[34mSELECT  "school_classes".* FROM "school_classes" WHERE "school_classes"."id" = ? LIMIT ?[0m  [["id", 6], ["LIMIT", 1]]
  Rendering school_classes/show.html.erb within layouts/application
  Rendered school_classes/show.html.erb within layouts/application (11.5ms)
Completed 500 Internal Server Error in 19ms (ActiveRecord: 0.2ms)


  
ActionView::Template::Error (undefined method `title' for nil:NilClass):
    1: <h2>Selected Class:</h2>
    2: 
    3: <%= @school_class.title.capitalize %>
    4: 
    5: <%= params.inspect %>
  
app/views/school_classes/show.html.erb:3:in `_app_views_school_classes_show_html_erb__4513904692534470805_70095944824940'
  Rendering /Users/leighadelarosa/.rvm/gems/ruby-2.6.5/gems/actionpack-5.0.7.1/lib/action_dispatch/middleware/templates/rescues/template_error.html.erb within rescues/layout
  Rendering /Users/leighadelarosa/.rvm/gems/ruby-2.6.5/gems/actionpack-5.0.7.1/lib/action_dispatch/middleware/templates/rescues/_source.html.erb
  Rendered /Users/leighadelarosa/.rvm/gems/ruby-2.6.5/gems/actionpack-5.0.7.1/lib/action_dispatch/middleware/templates/rescues/_source.html.erb (10.9ms)
  Rendering /Users/leighadelarosa/.rvm/gems/ruby-2.6.5/gems/actionpack-5.0.7.1/lib/action_dispatch/middleware/templates/rescues/_trace.html.erb
  Rendered /Users/leighadelarosa/.rvm/gems/ruby-2.6.5/gems/actionpack-5.0.7.1/lib/action_dispatch/middleware/templates/rescues/_trace.html.erb (4.3ms)
  Rendering /Users/leighadelarosa/.rvm/gems/ruby-2.6.5/gems/actionpack-5.0.7.1/lib/action_dispatch/middleware/templates/rescues/_request_and_response.html.erb
  Rendered /Users/leighadelarosa/.rvm/gems/ruby-2.6.5/gems/actionpack-5.0.7.1/lib/action_dispatch/middleware/templates/rescues/_request_and_response.html.erb (1.1ms)
  Rendered /Users/leighadelarosa/.rvm/gems/ruby-2.6.5/gems/actionpack-5.0.7.1/lib/action_dispatch/middleware/templates/rescues/template_error.html.erb within rescues/layout (40.0ms)
Started GET "/school_classes/6" for ::1 at 2020-04-18 16:48:47 -0700
Processing by SchoolClassesController#show as HTML
  Parameters: {"id"=>"6"}
  [1m[36mSchoolClass Load (0.2ms)[0m  [1m[34mSELECT  "school_classes".* FROM "school_classes" WHERE "school_classes"."id" = ? LIMIT ?[0m  [["id", 6], ["LIMIT", 1]]
  Rendering school_classes/show.html.erb within layouts/application
  Rendered school_classes/show.html.erb within layouts/application (4.9ms)
Completed 500 Internal Server Error in 18ms (ActiveRecord: 0.2ms)


  
ActionView::Template::Error (undefined method `title' for nil:NilClass):
    1: <h2>Selected Class:</h2>
    2: 
    3: <%= @school_class.title.capitalize %>
    4: 
    5: <%= params.inspect %>
  
app/views/school_classes/show.html.erb:3:in `_app_views_school_classes_show_html_erb__4513904692534470805_70095952100820'
  Rendering /Users/leighadelarosa/.rvm/gems/ruby-2.6.5/gems/actionpack-5.0.7.1/lib/action_dispatch/middleware/templates/rescues/template_error.html.erb within rescues/layout
  Rendering /Users/leighadelarosa/.rvm/gems/ruby-2.6.5/gems/actionpack-5.0.7.1/lib/action_dispatch/middleware/templates/rescues/_source.html.erb
  Rendered /Users/leighadelarosa/.rvm/gems/ruby-2.6.5/gems/actionpack-5.0.7.1/lib/action_dispatch/middleware/templates/rescues/_source.html.erb (7.5ms)
  Rendering /Users/leighadelarosa/.rvm/gems/ruby-2.6.5/gems/actionpack-5.0.7.1/lib/action_dispatch/middleware/templates/rescues/_trace.html.erb
  Rendered /Users/leighadelarosa/.rvm/gems/ruby-2.6.5/gems/actionpack-5.0.7.1/lib/action_dispatch/middleware/templates/rescues/_trace.html.erb (2.4ms)
  Rendering /Users/leighadelarosa/.rvm/gems/ruby-2.6.5/gems/actionpack-5.0.7.1/lib/action_dispatch/middleware/templates/rescues/_request_and_response.html.erb
  Rendered /Users/leighadelarosa/.rvm/gems/ruby-2.6.5/gems/actionpack-5.0.7.1/lib/action_dispatch/middleware/templates/rescues/_request_and_response.html.erb (2.6ms)
  Rendered /Users/leighadelarosa/.rvm/gems/ruby-2.6.5/gems/actionpack-5.0.7.1/lib/action_dispatch/middleware/templates/rescues/template_error.html.erb within rescues/layout (34.7ms)
Started GET "/school_classes" for ::1 at 2020-04-18 16:49:15 -0700
Processing by SchoolClassesController#index as HTML
  Rendering school_classes/index.html.erb within layouts/application
  Rendered school_classes/index.html.erb within layouts/application (1.0ms)
Completed 500 Internal Server Error in 11ms (ActiveRecord: 0.0ms)


  
SyntaxError (/Users/leighadelarosa/Development/online/rails-form_for-lab-onl01-seng-ft-021020/app/views/school_classes/index.html.erb:4: syntax error, unexpected class, expecting '|'
... @school_classes.each do |class| 
...                          ^~~~~
/Users/leighadelarosa/Development/online/rails-form_for-lab-onl01-seng-ft-021020/app/views/school_classes/index.html.erb:10: syntax error, unexpected ensure, expecting end-of-input
          ensure
          ^~~~~~):
  
app/views/school_classes/index.html.erb:4: syntax error, unexpected class, expecting '|'
app/views/school_classes/index.html.erb:10: syntax error, unexpected ensure, expecting end-of-input
  Rendering /Users/leighadelarosa/.rvm/gems/ruby-2.6.5/gems/actionpack-5.0.7.1/lib/action_dispatch/middleware/templates/rescues/diagnostics.html.erb within rescues/layout
  Rendering /Users/leighadelarosa/.rvm/gems/ruby-2.6.5/gems/actionpack-5.0.7.1/lib/action_dispatch/middleware/templates/rescues/_source.html.erb
  Rendered /Users/leighadelarosa/.rvm/gems/ruby-2.6.5/gems/actionpack-5.0.7.1/lib/action_dispatch/middleware/templates/rescues/_source.html.erb (11.8ms)
  Rendering /Users/leighadelarosa/.rvm/gems/ruby-2.6.5/gems/actionpack-5.0.7.1/lib/action_dispatch/middleware/templates/rescues/_trace.html.erb
  Rendered /Users/leighadelarosa/.rvm/gems/ruby-2.6.5/gems/actionpack-5.0.7.1/lib/action_dispatch/middleware/templates/rescues/_trace.html.erb (2.8ms)
  Rendering /Users/leighadelarosa/.rvm/gems/ruby-2.6.5/gems/actionpack-5.0.7.1/lib/action_dispatch/middleware/templates/rescues/_request_and_response.html.erb
  Rendered /Users/leighadelarosa/.rvm/gems/ruby-2.6.5/gems/actionpack-5.0.7.1/lib/action_dispatch/middleware/templates/rescues/_request_and_response.html.erb (2.0ms)
  Rendered /Users/leighadelarosa/.rvm/gems/ruby-2.6.5/gems/actionpack-5.0.7.1/lib/action_dispatch/middleware/templates/rescues/diagnostics.html.erb within rescues/layout (40.7ms)
Started GET "/school_classes" for ::1 at 2020-04-18 16:49:52 -0700
Processing by SchoolClassesController#index as HTML
  Rendering school_classes/index.html.erb within layouts/application
  [1m[36mSchoolClass Load (0.3ms)[0m  [1m[34mSELECT "school_classes".* FROM "school_classes"[0m
  Rendered school_classes/index.html.erb within layouts/application (2.1ms)
Completed 200 OK in 43ms (Views: 39.6ms | ActiveRecord: 0.3ms)


Started GET "/school_classes/new" for ::1 at 2020-04-18 16:50:36 -0700
Processing by SchoolClassesController#new as HTML
  Rendering school_classes/new.html.erb within layouts/application
  Rendered school_classes/new.html.erb within layouts/application (17.7ms)
Completed 200 OK in 180ms (Views: 177.3ms | ActiveRecord: 0.0ms)


Started POST "/school_classes" for ::1 at 2020-04-18 16:50:50 -0700
Processing by SchoolClassesController#create as HTML
  Parameters: {"utf8"=>"✓", "authenticity_token"=>"b+FwmwIqbWGfu1ui+Yx7xAKTWQxql6B+vFQMllUJrHTUK8nQKUG1m6GcFbAjtE3tJ0URui6Z35ECOCvn11gXMg==", "school_class"=>{"title"=>"adulting", "room_number"=>"404"}, "commit"=>"Create School class"}
  [1m[35m (3.1ms)[0m  [1m[36mbegin transaction[0m
  [1m[35mSQL (0.7ms)[0m  [1m[32mINSERT INTO "school_classes" ("title", "room_number", "created_at", "updated_at") VALUES (?, ?, ?, ?)[0m  [["title", "adulting"], ["room_number", 404], ["created_at", "2020-04-18 23:50:50.112444"], ["updated_at", "2020-04-18 23:50:50.112444"]]
  [1m[35m (20.8ms)[0m  [1m[36mcommit transaction[0m
  [1m[35m (0.1ms)[0m  [1m[36mbegin transaction[0m
  [1m[35m (0.2ms)[0m  [1m[36mcommit transaction[0m
Redirected to http://localhost:3000/school_classes/7
Completed 302 Found in 30ms (ActiveRecord: 24.8ms)


Started GET "/school_classes/7" for ::1 at 2020-04-18 16:50:50 -0700
Processing by SchoolClassesController#show as HTML
  Parameters: {"id"=>"7"}
  [1m[36mSchoolClass Load (0.4ms)[0m  [1m[34mSELECT  "school_classes".* FROM "school_classes" WHERE "school_classes"."id" = ? LIMIT ?[0m  [["id", 7], ["LIMIT", 1]]
  Rendering school_classes/show.html.erb within layouts/application
  Rendered school_classes/show.html.erb within layouts/application (3.9ms)
Completed 500 Internal Server Error in 26ms (ActiveRecord: 0.4ms)


  
ActionView::Template::Error (undefined method `title' for nil:NilClass):
    1: <h2>Selected Class:</h2>
    2: 
    3: <%= @school_class.title.capitalize %>
    4: 
    5: <%= params.inspect %>
  
app/views/school_classes/show.html.erb:3:in `_app_views_school_classes_show_html_erb__4513904692534470805_70095952532700'
  Rendering /Users/leighadelarosa/.rvm/gems/ruby-2.6.5/gems/actionpack-5.0.7.1/lib/action_dispatch/middleware/templates/rescues/template_error.html.erb within rescues/layout
  Rendering /Users/leighadelarosa/.rvm/gems/ruby-2.6.5/gems/actionpack-5.0.7.1/lib/action_dispatch/middleware/templates/rescues/_source.html.erb
  Rendered /Users/leighadelarosa/.rvm/gems/ruby-2.6.5/gems/actionpack-5.0.7.1/lib/action_dispatch/middleware/templates/rescues/_source.html.erb (29.5ms)
  Rendering /Users/leighadelarosa/.rvm/gems/ruby-2.6.5/gems/actionpack-5.0.7.1/lib/action_dispatch/middleware/templates/rescues/_trace.html.erb
  Rendered /Users/leighadelarosa/.rvm/gems/ruby-2.6.5/gems/actionpack-5.0.7.1/lib/action_dispatch/middleware/templates/rescues/_trace.html.erb (3.6ms)
  Rendering /Users/leighadelarosa/.rvm/gems/ruby-2.6.5/gems/actionpack-5.0.7.1/lib/action_dispatch/middleware/templates/rescues/_request_and_response.html.erb
  Rendered /Users/leighadelarosa/.rvm/gems/ruby-2.6.5/gems/actionpack-5.0.7.1/lib/action_dispatch/middleware/templates/rescues/_request_and_response.html.erb (1.4ms)
  Rendered /Users/leighadelarosa/.rvm/gems/ruby-2.6.5/gems/actionpack-5.0.7.1/lib/action_dispatch/middleware/templates/rescues/template_error.html.erb within rescues/layout (141.3ms)
Started GET "/school_classes/7" for ::1 at 2020-04-18 16:51:10 -0700
Processing by SchoolClassesController#show as HTML
  Parameters: {"id"=>"7"}
  [1m[36mSchoolClass Load (0.2ms)[0m  [1m[34mSELECT  "school_classes".* FROM "school_classes" WHERE "school_classes"."id" = ? LIMIT ?[0m  [["id", 7], ["LIMIT", 1]]
  Rendering school_classes/show.html.erb within layouts/application
  Rendered school_classes/show.html.erb within layouts/application (3.7ms)
Completed 200 OK in 103ms (Views: 99.1ms | ActiveRecord: 0.2ms)


Started GET "/school_classes/7" for ::1 at 2020-04-18 16:51:44 -0700
Processing by SchoolClassesController#show as HTML
  Parameters: {"id"=>"7"}
  [1m[36mSchoolClass Load (0.2ms)[0m  [1m[34mSELECT  "school_classes".* FROM "school_classes" WHERE "school_classes"."id" = ? LIMIT ?[0m  [["id", 7], ["LIMIT", 1]]
  Rendering school_classes/show.html.erb within layouts/application
  Rendered school_classes/show.html.erb within layouts/application (8.5ms)
Completed 500 Internal Server Error in 24ms (ActiveRecord: 0.2ms)


  
ActionView::Template::Error (undefined method `title' for nil:NilClass):
    1: <h2>Selected Class:</h2>
    2: 
    3: <%= @school_class.title %> | <%= @school_class.room_number %>
    4: 
    5: <%= params.inspect %>
  
app/views/school_classes/show.html.erb:3:in `_app_views_school_classes_show_html_erb__4513904692534470805_70095943838160'
  Rendering /Users/leighadelarosa/.rvm/gems/ruby-2.6.5/gems/actionpack-5.0.7.1/lib/action_dispatch/middleware/templates/rescues/template_error.html.erb within rescues/layout
  Rendering /Users/leighadelarosa/.rvm/gems/ruby-2.6.5/gems/actionpack-5.0.7.1/lib/action_dispatch/middleware/templates/rescues/_source.html.erb
  Rendered /Users/leighadelarosa/.rvm/gems/ruby-2.6.5/gems/actionpack-5.0.7.1/lib/action_dispatch/middleware/templates/rescues/_source.html.erb (10.7ms)
  Rendering /Users/leighadelarosa/.rvm/gems/ruby-2.6.5/gems/actionpack-5.0.7.1/lib/action_dispatch/middleware/templates/rescues/_trace.html.erb
  Rendered /Users/leighadelarosa/.rvm/gems/ruby-2.6.5/gems/actionpack-5.0.7.1/lib/action_dispatch/middleware/templates/rescues/_trace.html.erb (5.7ms)
  Rendering /Users/leighadelarosa/.rvm/gems/ruby-2.6.5/gems/actionpack-5.0.7.1/lib/action_dispatch/middleware/templates/rescues/_request_and_response.html.erb
  Rendered /Users/leighadelarosa/.rvm/gems/ruby-2.6.5/gems/actionpack-5.0.7.1/lib/action_dispatch/middleware/templates/rescues/_request_and_response.html.erb (1.5ms)
  Rendered /Users/leighadelarosa/.rvm/gems/ruby-2.6.5/gems/actionpack-5.0.7.1/lib/action_dispatch/middleware/templates/rescues/template_error.html.erb within rescues/layout (68.6ms)
Started GET "/school_classes/7" for ::1 at 2020-04-18 16:52:15 -0700
Processing by SchoolClassesController#show as HTML
  Parameters: {"id"=>"7"}
  [1m[36mSchoolClass Load (0.2ms)[0m  [1m[34mSELECT  "school_classes".* FROM "school_classes" WHERE "school_classes"."id" = ? LIMIT ?[0m  [["id", 7], ["LIMIT", 1]]
  Rendering school_classes/show.html.erb within layouts/application
  Rendered school_classes/show.html.erb within layouts/application (79.8ms)
Completed 500 Internal Server Error in 87ms (ActiveRecord: 0.2ms)


  
ActionView::Template::Error (undefined local variable or method `school_class' for #<#<Class:0x00007f80f6859fe8>:0x00007f80f8a744e8>
Did you mean?  @school_classes):
    1: <h2>Selected Class:</h2>
    2: 
    3: <%= school_class.title %> | <%= school_class.room_number %>
    4: 
    5: <%= params.inspect %>
  
app/views/school_classes/show.html.erb:3:in `_app_views_school_classes_show_html_erb__4513904692534470805_70095952127700'
  Rendering /Users/leighadelarosa/.rvm/gems/ruby-2.6.5/gems/actionpack-5.0.7.1/lib/action_dispatch/middleware/templates/rescues/template_error.html.erb within rescues/layout
  Rendering /Users/leighadelarosa/.rvm/gems/ruby-2.6.5/gems/actionpack-5.0.7.1/lib/action_dispatch/middleware/templates/rescues/_source.html.erb
  Rendered /Users/leighadelarosa/.rvm/gems/ruby-2.6.5/gems/actionpack-5.0.7.1/lib/action_dispatch/middleware/templates/rescues/_source.html.erb (4.5ms)
  Rendering /Users/leighadelarosa/.rvm/gems/ruby-2.6.5/gems/actionpack-5.0.7.1/lib/action_dispatch/middleware/templates/rescues/_trace.html.erb
  Rendered /Users/leighadelarosa/.rvm/gems/ruby-2.6.5/gems/actionpack-5.0.7.1/lib/action_dispatch/middleware/templates/rescues/_trace.html.erb (2.1ms)
  Rendering /Users/leighadelarosa/.rvm/gems/ruby-2.6.5/gems/actionpack-5.0.7.1/lib/action_dispatch/middleware/templates/rescues/_request_and_response.html.erb
  Rendered /Users/leighadelarosa/.rvm/gems/ruby-2.6.5/gems/actionpack-5.0.7.1/lib/action_dispatch/middleware/templates/rescues/_request_and_response.html.erb (1.5ms)
  Rendered /Users/leighadelarosa/.rvm/gems/ruby-2.6.5/gems/actionpack-5.0.7.1/lib/action_dispatch/middleware/templates/rescues/template_error.html.erb within rescues/layout (41.2ms)
Started GET "/school_classes/7" for ::1 at 2020-04-18 16:52:34 -0700
Processing by SchoolClassesController#show as HTML
  Parameters: {"id"=>"7"}
  [1m[36mSchoolClass Load (0.2ms)[0m  [1m[34mSELECT  "school_classes".* FROM "school_classes" WHERE "school_classes"."id" = ? LIMIT ?[0m  [["id", 7], ["LIMIT", 1]]
  Rendering school_classes/show.html.erb within layouts/application
  Rendered school_classes/show.html.erb within layouts/application (57.5ms)
Completed 500 Internal Server Error in 68ms (ActiveRecord: 0.2ms)


  
ActionView::Template::Error (undefined local variable or method `klass' for #<#<Class:0x00007f80f6859fe8>:0x00007f80f6b0e590>
Did you mean?  class
               class):
    1: <h2>Selected Class:</h2>
    2: 
    3: <%= klass.title %> | <%= klass.room_number %>
    4: 
    5: <%= params.inspect %>
  
app/views/school_classes/show.html.erb:3:in `_app_views_school_classes_show_html_erb__4513904692534470805_70095935667620'
  Rendering /Users/leighadelarosa/.rvm/gems/ruby-2.6.5/gems/actionpack-5.0.7.1/lib/action_dispatch/middleware/templates/rescues/template_error.html.erb within rescues/layout
  Rendering /Users/leighadelarosa/.rvm/gems/ruby-2.6.5/gems/actionpack-5.0.7.1/lib/action_dispatch/middleware/templates/rescues/_source.html.erb
  Rendered /Users/leighadelarosa/.rvm/gems/ruby-2.6.5/gems/actionpack-5.0.7.1/lib/action_dispatch/middleware/templates/rescues/_source.html.erb (6.0ms)
  Rendering /Users/leighadelarosa/.rvm/gems/ruby-2.6.5/gems/actionpack-5.0.7.1/lib/action_dispatch/middleware/templates/rescues/_trace.html.erb
  Rendered /Users/leighadelarosa/.rvm/gems/ruby-2.6.5/gems/actionpack-5.0.7.1/lib/action_dispatch/middleware/templates/rescues/_trace.html.erb (2.0ms)
  Rendering /Users/leighadelarosa/.rvm/gems/ruby-2.6.5/gems/actionpack-5.0.7.1/lib/action_dispatch/middleware/templates/rescues/_request_and_response.html.erb
  Rendered /Users/leighadelarosa/.rvm/gems/ruby-2.6.5/gems/actionpack-5.0.7.1/lib/action_dispatch/middleware/templates/rescues/_request_and_response.html.erb (1.3ms)
  Rendered /Users/leighadelarosa/.rvm/gems/ruby-2.6.5/gems/actionpack-5.0.7.1/lib/action_dispatch/middleware/templates/rescues/template_error.html.erb within rescues/layout (57.5ms)
Started GET "/school_classes/7" for ::1 at 2020-04-18 16:52:42 -0700
Processing by SchoolClassesController#show as HTML
  Parameters: {"id"=>"7"}
  [1m[36mSchoolClass Load (0.2ms)[0m  [1m[34mSELECT  "school_classes".* FROM "school_classes" WHERE "school_classes"."id" = ? LIMIT ?[0m  [["id", 7], ["LIMIT", 1]]
  Rendering school_classes/show.html.erb within layouts/application
  Rendered school_classes/show.html.erb within layouts/application (0.6ms)
Completed 200 OK in 60ms (Views: 55.7ms | ActiveRecord: 0.2ms)


Started GET "/school_classes/7" for ::1 at 2020-04-18 16:53:52 -0700
Processing by SchoolClassesController#show as HTML
  Parameters: {"id"=>"7"}
  [1m[36mSchoolClass Load (0.2ms)[0m  [1m[34mSELECT  "school_classes".* FROM "school_classes" WHERE "school_classes"."id" = ? LIMIT ?[0m  [["id", 7], ["LIMIT", 1]]
  Rendering school_classes/show.html.erb within layouts/application
  Rendered school_classes/show.html.erb within layouts/application (2.9ms)
Completed 500 Internal Server Error in 11ms (ActiveRecord: 0.2ms)


  
ActionView::Template::Error (undefined method `title' for nil:NilClass):
    1: <h2>Selected Class:</h2>
    2: 
    3: <p><%= @school_class.title.capitalize %> is in room number <%= @school_class.room_number %></p> 
    4: 
    5: <%= params.inspect %>
  
app/views/school_classes/show.html.erb:3:in `_app_views_school_classes_show_html_erb__4513904692534470805_70095952160920'
  Rendering /Users/leighadelarosa/.rvm/gems/ruby-2.6.5/gems/actionpack-5.0.7.1/lib/action_dispatch/middleware/templates/rescues/template_error.html.erb within rescues/layout
  Rendering /Users/leighadelarosa/.rvm/gems/ruby-2.6.5/gems/actionpack-5.0.7.1/lib/action_dispatch/middleware/templates/rescues/_source.html.erb
  Rendered /Users/leighadelarosa/.rvm/gems/ruby-2.6.5/gems/actionpack-5.0.7.1/lib/action_dispatch/middleware/templates/rescues/_source.html.erb (6.0ms)
  Rendering /Users/leighadelarosa/.rvm/gems/ruby-2.6.5/gems/actionpack-5.0.7.1/lib/action_dispatch/middleware/templates/rescues/_trace.html.erb
  Rendered /Users/leighadelarosa/.rvm/gems/ruby-2.6.5/gems/actionpack-5.0.7.1/lib/action_dispatch/middleware/templates/rescues/_trace.html.erb (2.3ms)
  Rendering /Users/leighadelarosa/.rvm/gems/ruby-2.6.5/gems/actionpack-5.0.7.1/lib/action_dispatch/middleware/templates/rescues/_request_and_response.html.erb
  Rendered /Users/leighadelarosa/.rvm/gems/ruby-2.6.5/gems/actionpack-5.0.7.1/lib/action_dispatch/middleware/templates/rescues/_request_and_response.html.erb (1.0ms)
  Rendered /Users/leighadelarosa/.rvm/gems/ruby-2.6.5/gems/actionpack-5.0.7.1/lib/action_dispatch/middleware/templates/rescues/template_error.html.erb within rescues/layout (33.1ms)
Started GET "/school_classes/7" for ::1 at 2020-04-18 16:53:53 -0700
Processing by SchoolClassesController#show as HTML
  Parameters: {"id"=>"7"}
  [1m[36mSchoolClass Load (0.3ms)[0m  [1m[34mSELECT  "school_classes".* FROM "school_classes" WHERE "school_classes"."id" = ? LIMIT ?[0m  [["id", 7], ["LIMIT", 1]]
  Rendering school_classes/show.html.erb within layouts/application
  Rendered school_classes/show.html.erb within layouts/application (5.9ms)
Completed 500 Internal Server Error in 13ms (ActiveRecord: 0.3ms)


  
ActionView::Template::Error (undefined method `title' for nil:NilClass):
    1: <h2>Selected Class:</h2>
    2: 
    3: <p><%= @school_class.title.capitalize %> is in room number <%= @school_class.room_number %></p> 
    4: 
    5: <%= params.inspect %>
  
app/views/school_classes/show.html.erb:3:in `_app_views_school_classes_show_html_erb__4513904692534470805_70095943001340'
  Rendering /Users/leighadelarosa/.rvm/gems/ruby-2.6.5/gems/actionpack-5.0.7.1/lib/action_dispatch/middleware/templates/rescues/template_error.html.erb within rescues/layout
  Rendering /Users/leighadelarosa/.rvm/gems/ruby-2.6.5/gems/actionpack-5.0.7.1/lib/action_dispatch/middleware/templates/rescues/_source.html.erb
  Rendered /Users/leighadelarosa/.rvm/gems/ruby-2.6.5/gems/actionpack-5.0.7.1/lib/action_dispatch/middleware/templates/rescues/_source.html.erb (11.5ms)
  Rendering /Users/leighadelarosa/.rvm/gems/ruby-2.6.5/gems/actionpack-5.0.7.1/lib/action_dispatch/middleware/templates/rescues/_trace.html.erb
  Rendered /Users/leighadelarosa/.rvm/gems/ruby-2.6.5/gems/actionpack-5.0.7.1/lib/action_dispatch/middleware/templates/rescues/_trace.html.erb (4.6ms)
  Rendering /Users/leighadelarosa/.rvm/gems/ruby-2.6.5/gems/actionpack-5.0.7.1/lib/action_dispatch/middleware/templates/rescues/_request_and_response.html.erb
  Rendered /Users/leighadelarosa/.rvm/gems/ruby-2.6.5/gems/actionpack-5.0.7.1/lib/action_dispatch/middleware/templates/rescues/_request_and_response.html.erb (1.0ms)
  Rendered /Users/leighadelarosa/.rvm/gems/ruby-2.6.5/gems/actionpack-5.0.7.1/lib/action_dispatch/middleware/templates/rescues/template_error.html.erb within rescues/layout (78.7ms)
Started GET "/school_classes" for ::1 at 2020-04-18 16:54:04 -0700
Processing by SchoolClassesController#index as HTML
  Rendering school_classes/index.html.erb within layouts/application
  [1m[36mSchoolClass Load (0.3ms)[0m  [1m[34mSELECT "school_classes".* FROM "school_classes"[0m
  Rendered school_classes/index.html.erb within layouts/application (2.2ms)
Completed 200 OK in 63ms (Views: 59.8ms | ActiveRecord: 0.3ms)


Started GET "/school_classes" for ::1 at 2020-04-18 16:54:30 -0700
Processing by SchoolClassesController#index as HTML
  Rendering school_classes/index.html.erb within layouts/application
  [1m[36mSchoolClass Load (0.2ms)[0m  [1m[34mSELECT "school_classes".* FROM "school_classes"[0m
  Rendered school_classes/index.html.erb within layouts/application (1.8ms)
Completed 200 OK in 48ms (Views: 46.5ms | ActiveRecord: 0.2ms)


Started GET "/school_classes" for ::1 at 2020-04-18 16:54:42 -0700
Processing by SchoolClassesController#index as HTML
  Rendering school_classes/index.html.erb within layouts/application
  [1m[36mSchoolClass Load (0.3ms)[0m  [1m[34mSELECT "school_classes".* FROM "school_classes"[0m
  Rendered school_classes/index.html.erb within layouts/application (2.4ms)
Completed 200 OK in 51ms (Views: 47.4ms | ActiveRecord: 0.3ms)


Started GET "/school_classes" for ::1 at 2020-04-18 16:54:56 -0700
Processing by SchoolClassesController#index as HTML
  Rendering school_classes/index.html.erb within layouts/application
  [1m[36mSchoolClass Load (0.3ms)[0m  [1m[34mSELECT "school_classes".* FROM "school_classes"[0m
  Rendered school_classes/index.html.erb within layouts/application (4.4ms)
Completed 200 OK in 79ms (Views: 76.5ms | ActiveRecord: 0.3ms)


Started GET "/school_classes" for ::1 at 2020-04-18 16:55:03 -0700
Processing by SchoolClassesController#index as HTML
  Rendering school_classes/index.html.erb within layouts/application
  [1m[36mSchoolClass Load (0.5ms)[0m  [1m[34mSELECT "school_classes".* FROM "school_classes"[0m
  Rendered school_classes/index.html.erb within layouts/application (2.8ms)
Completed 200 OK in 68ms (Views: 65.2ms | ActiveRecord: 0.5ms)


